                                      1 ;--------------------------------------------------------
                                      2 ; File Created by SDCC : free open source ANSI-C Compiler
                                      3 ; Version 3.8.0 #10562 (Linux)
                                      4 ;--------------------------------------------------------
                                      5 	.module button
                                      6 	.optsdcc -mmcs51 --model-small
                                      7 	
                                      8 ;--------------------------------------------------------
                                      9 ; Public variables in this module
                                     10 ;--------------------------------------------------------
                                     11 	.globl _get_adc_value
                                     12 	.globl _CPRL2
                                     13 	.globl _CT2
                                     14 	.globl _TR2
                                     15 	.globl _EXEN2
                                     16 	.globl _TCLK
                                     17 	.globl _RCLK
                                     18 	.globl _REN
                                     19 	.globl _SM2
                                     20 	.globl _SM1
                                     21 	.globl _SM0
                                     22 	.globl _RCK
                                     23 	.globl _SER
                                     24 	.globl _SCK
                                     25 	.globl _RI
                                     26 	.globl _ES
                                     27 	.globl _ET0
                                     28 	.globl _EA
                                     29 	.globl _P3_7
                                     30 	.globl _P3_6
                                     31 	.globl _P3_5
                                     32 	.globl _P3_4
                                     33 	.globl _P3_3
                                     34 	.globl _P3_2
                                     35 	.globl _P3_1
                                     36 	.globl _P3_0
                                     37 	.globl _P2_7
                                     38 	.globl _P2_6
                                     39 	.globl _P2_5
                                     40 	.globl _P2_4
                                     41 	.globl _P2_3
                                     42 	.globl _P2_2
                                     43 	.globl _P2_1
                                     44 	.globl _P2_0
                                     45 	.globl _P1_7
                                     46 	.globl _P1_6
                                     47 	.globl _P1_5
                                     48 	.globl _P1_4
                                     49 	.globl _P1_3
                                     50 	.globl _P1_2
                                     51 	.globl _P1_1
                                     52 	.globl _P1_0
                                     53 	.globl _P0_7
                                     54 	.globl _P0_6
                                     55 	.globl _P0_5
                                     56 	.globl _P0_4
                                     57 	.globl _P0_3
                                     58 	.globl _P0_2
                                     59 	.globl _P0_1
                                     60 	.globl _P0_0
                                     61 	.globl _IAP_ADRH
                                     62 	.globl _IAP_ADRL
                                     63 	.globl _IAPEN
                                     64 	.globl _TH0
                                     65 	.globl _TL0
                                     66 	.globl _CKCON
                                     67 	.globl _TMOD
                                     68 	.globl _TCON
                                     69 	.globl _PWMDATA17L
                                     70 	.globl _PWMDATA17H
                                     71 	.globl _PWMDATA14L
                                     72 	.globl _PWMDATA14H
                                     73 	.globl _PWMDATA11L
                                     74 	.globl _PWMDATA11H
                                     75 	.globl _PWM_EA2
                                     76 	.globl _PWM_EA1
                                     77 	.globl _SBUF
                                     78 	.globl _TL3
                                     79 	.globl _TH3
                                     80 	.globl _T2CON
                                     81 	.globl _RCAP2H
                                     82 	.globl _RCAP2L
                                     83 	.globl _SCON
                                     84 	.globl _P1_OPT
                                     85 	.globl _ADCVAL2
                                     86 	.globl _ADCVAL1
                                     87 	.globl _ADCSEL
                                     88 	.globl _EXIF
                                     89 	.globl _EIE
                                     90 	.globl _IE
                                     91 	.globl _P3
                                     92 	.globl _P2
                                     93 	.globl _P1
                                     94 	.globl _P0
                                     95 	.globl _PCLKSEL
                                     96 	.globl _CHIPCON
                                     97 	.globl _get_button_action
                                     98 ;--------------------------------------------------------
                                     99 ; special function registers
                                    100 ;--------------------------------------------------------
                                    101 	.area RSEG    (ABS,DATA)
      000000                        102 	.org 0x0000
                           0000BF   103 _CHIPCON	=	0x00bf
                           0000B7   104 _PCLKSEL	=	0x00b7
                           000080   105 _P0	=	0x0080
                           000090   106 _P1	=	0x0090
                           0000A0   107 _P2	=	0x00a0
                           0000B0   108 _P3	=	0x00b0
                           0000A8   109 _IE	=	0x00a8
                           0000E8   110 _EIE	=	0x00e8
                           000091   111 _EXIF	=	0x0091
                           0000DA   112 _ADCSEL	=	0x00da
                           0000DB   113 _ADCVAL1	=	0x00db
                           0000DC   114 _ADCVAL2	=	0x00dc
                           0000D9   115 _P1_OPT	=	0x00d9
                           000098   116 _SCON	=	0x0098
                           0000CA   117 _RCAP2L	=	0x00ca
                           0000CB   118 _RCAP2H	=	0x00cb
                           0000C8   119 _T2CON	=	0x00c8
                           00009B   120 _TH3	=	0x009b
                           00009A   121 _TL3	=	0x009a
                           000099   122 _SBUF	=	0x0099
                           0000D3   123 _PWM_EA1	=	0x00d3
                           0000D4   124 _PWM_EA2	=	0x00d4
                           0000BD   125 _PWMDATA11H	=	0x00bd
                           0000BE   126 _PWMDATA11L	=	0x00be
                           0000B5   127 _PWMDATA14H	=	0x00b5
                           0000B6   128 _PWMDATA14L	=	0x00b6
                           0000AD   129 _PWMDATA17H	=	0x00ad
                           0000AE   130 _PWMDATA17L	=	0x00ae
                           000088   131 _TCON	=	0x0088
                           000089   132 _TMOD	=	0x0089
                           00008E   133 _CKCON	=	0x008e
                           00008A   134 _TL0	=	0x008a
                           00008C   135 _TH0	=	0x008c
                           0000E4   136 _IAPEN	=	0x00e4
                           0000E5   137 _IAP_ADRL	=	0x00e5
                           0000E6   138 _IAP_ADRH	=	0x00e6
                                    139 ;--------------------------------------------------------
                                    140 ; special function bits
                                    141 ;--------------------------------------------------------
                                    142 	.area RSEG    (ABS,DATA)
      000000                        143 	.org 0x0000
                           000080   144 _P0_0	=	0x0080
                           000081   145 _P0_1	=	0x0081
                           000082   146 _P0_2	=	0x0082
                           000083   147 _P0_3	=	0x0083
                           000084   148 _P0_4	=	0x0084
                           000085   149 _P0_5	=	0x0085
                           000086   150 _P0_6	=	0x0086
                           000087   151 _P0_7	=	0x0087
                           000090   152 _P1_0	=	0x0090
                           000091   153 _P1_1	=	0x0091
                           000092   154 _P1_2	=	0x0092
                           000093   155 _P1_3	=	0x0093
                           000094   156 _P1_4	=	0x0094
                           000095   157 _P1_5	=	0x0095
                           000096   158 _P1_6	=	0x0096
                           000097   159 _P1_7	=	0x0097
                           0000A0   160 _P2_0	=	0x00a0
                           0000A1   161 _P2_1	=	0x00a1
                           0000A2   162 _P2_2	=	0x00a2
                           0000A3   163 _P2_3	=	0x00a3
                           0000A4   164 _P2_4	=	0x00a4
                           0000A5   165 _P2_5	=	0x00a5
                           0000A6   166 _P2_6	=	0x00a6
                           0000A7   167 _P2_7	=	0x00a7
                           0000B0   168 _P3_0	=	0x00b0
                           0000B1   169 _P3_1	=	0x00b1
                           0000B2   170 _P3_2	=	0x00b2
                           0000B3   171 _P3_3	=	0x00b3
                           0000B4   172 _P3_4	=	0x00b4
                           0000B5   173 _P3_5	=	0x00b5
                           0000B6   174 _P3_6	=	0x00b6
                           0000B7   175 _P3_7	=	0x00b7
                           0000AF   176 _EA	=	0x00af
                           0000A9   177 _ET0	=	0x00a9
                           0000AC   178 _ES	=	0x00ac
                           000098   179 _RI	=	0x0098
                           000093   180 _SCK	=	0x0093
                           000095   181 _SER	=	0x0095
                           000092   182 _RCK	=	0x0092
                           00009F   183 _SM0	=	0x009f
                           00009E   184 _SM1	=	0x009e
                           00009D   185 _SM2	=	0x009d
                           00009C   186 _REN	=	0x009c
                           0000CD   187 _RCLK	=	0x00cd
                           0000CC   188 _TCLK	=	0x00cc
                           0000CB   189 _EXEN2	=	0x00cb
                           0000CA   190 _TR2	=	0x00ca
                           0000C9   191 _CT2	=	0x00c9
                           0000C8   192 _CPRL2	=	0x00c8
                                    193 ;--------------------------------------------------------
                                    194 ; overlayable register banks
                                    195 ;--------------------------------------------------------
                                    196 	.area REG_BANK_0	(REL,OVR,DATA)
      000000                        197 	.ds 8
                                    198 ;--------------------------------------------------------
                                    199 ; internal ram data
                                    200 ;--------------------------------------------------------
                                    201 	.area DSEG    (DATA)
      000000                        202 _get_button_action_lastAction_65536_3:
      000000                        203 	.ds 1
      000001                        204 _get_button_action_pressOK_65536_3:
      000001                        205 	.ds 1
                                    206 ;--------------------------------------------------------
                                    207 ; overlayable items in internal ram 
                                    208 ;--------------------------------------------------------
                                    209 ;--------------------------------------------------------
                                    210 ; indirectly addressable internal ram data
                                    211 ;--------------------------------------------------------
                                    212 	.area ISEG    (DATA)
                                    213 ;--------------------------------------------------------
                                    214 ; absolute internal ram data
                                    215 ;--------------------------------------------------------
                                    216 	.area IABS    (ABS,DATA)
                                    217 	.area IABS    (ABS,DATA)
                                    218 ;--------------------------------------------------------
                                    219 ; bit data
                                    220 ;--------------------------------------------------------
                                    221 	.area BSEG    (BIT)
                                    222 ;--------------------------------------------------------
                                    223 ; paged external ram data
                                    224 ;--------------------------------------------------------
                                    225 	.area PSEG    (PAG,XDATA)
                                    226 ;--------------------------------------------------------
                                    227 ; external ram data
                                    228 ;--------------------------------------------------------
                                    229 	.area XSEG    (XDATA)
                                    230 ;--------------------------------------------------------
                                    231 ; absolute external ram data
                                    232 ;--------------------------------------------------------
                                    233 	.area XABS    (ABS,XDATA)
                                    234 ;--------------------------------------------------------
                                    235 ; external initialized ram data
                                    236 ;--------------------------------------------------------
                                    237 	.area XISEG   (XDATA)
                                    238 	.area HOME    (CODE)
                                    239 	.area GSINIT0 (CODE)
                                    240 	.area GSINIT1 (CODE)
                                    241 	.area GSINIT2 (CODE)
                                    242 	.area GSINIT3 (CODE)
                                    243 	.area GSINIT4 (CODE)
                                    244 	.area GSINIT5 (CODE)
                                    245 	.area GSINIT  (CODE)
                                    246 	.area GSFINAL (CODE)
                                    247 	.area CSEG    (CODE)
                                    248 ;--------------------------------------------------------
                                    249 ; global & static initialisations
                                    250 ;--------------------------------------------------------
                                    251 	.area HOME    (CODE)
                                    252 	.area GSINIT  (CODE)
                                    253 	.area GSFINAL (CODE)
                                    254 	.area GSINIT  (CODE)
                                    255 ;------------------------------------------------------------
                                    256 ;Allocation info for local variables in function 'get_button_action'
                                    257 ;------------------------------------------------------------
                                    258 ;lastAction                Allocated with name '_get_button_action_lastAction_65536_3'
                                    259 ;pressOK                   Allocated with name '_get_button_action_pressOK_65536_3'
                                    260 ;level                     Allocated to registers r6 r7 
                                    261 ;retVal                    Allocated to registers r5 
                                    262 ;------------------------------------------------------------
                                    263 ;	../UI_Manager/Button_Manager/button.c:14: static uint8_t lastAction = BUTTON_NA;
      000000 75*00 00         [24]  264 	mov	_get_button_action_lastAction_65536_3,#0x00
                                    265 ;	../UI_Manager/Button_Manager/button.c:15: static uint8_t pressOK = 0;
      000003 75*01 00         [24]  266 	mov	_get_button_action_pressOK_65536_3,#0x00
                                    267 ;--------------------------------------------------------
                                    268 ; Home
                                    269 ;--------------------------------------------------------
                                    270 	.area HOME    (CODE)
                                    271 	.area HOME    (CODE)
                                    272 ;--------------------------------------------------------
                                    273 ; code
                                    274 ;--------------------------------------------------------
                                    275 	.area CSEG    (CODE)
                                    276 ;------------------------------------------------------------
                                    277 ;Allocation info for local variables in function 'get_button_action'
                                    278 ;------------------------------------------------------------
                                    279 ;lastAction                Allocated with name '_get_button_action_lastAction_65536_3'
                                    280 ;pressOK                   Allocated with name '_get_button_action_pressOK_65536_3'
                                    281 ;level                     Allocated to registers r6 r7 
                                    282 ;retVal                    Allocated to registers r5 
                                    283 ;------------------------------------------------------------
                                    284 ;	../UI_Manager/Button_Manager/button.c:13: uint8_t get_button_action(){
                                    285 ;	-----------------------------------------
                                    286 ;	 function get_button_action
                                    287 ;	-----------------------------------------
      000000                        288 _get_button_action:
                           000007   289 	ar7 = 0x07
                           000006   290 	ar6 = 0x06
                           000005   291 	ar5 = 0x05
                           000004   292 	ar4 = 0x04
                           000003   293 	ar3 = 0x03
                           000002   294 	ar2 = 0x02
                           000001   295 	ar1 = 0x01
                           000000   296 	ar0 = 0x00
                                    297 ;	../UI_Manager/Button_Manager/button.c:16: uint16_t level = get_adc_value(ADC_BUTTON);
      000000 75 82 01         [24]  298 	mov	dpl,#0x01
      000003 12r00r00         [24]  299 	lcall	_get_adc_value
      000006 AE 82            [24]  300 	mov	r6,dpl
      000008 AF 83            [24]  301 	mov	r7,dph
                                    302 ;	../UI_Manager/Button_Manager/button.c:17: uint8_t retVal = BUTTON_NA;
      00000A 7D 00            [12]  303 	mov	r5,#0x00
                                    304 ;	../UI_Manager/Button_Manager/button.c:19: if(level >= BUTTON_NA_LOWER){ 
      00000C C3               [12]  305 	clr	c
      00000D EE               [12]  306 	mov	a,r6
      00000E 94 A2            [12]  307 	subb	a,#0xa2
      000010 EF               [12]  308 	mov	a,r7
      000011 94 03            [12]  309 	subb	a,#0x03
      000013 40 26            [24]  310 	jc	00108$
                                    311 ;	../UI_Manager/Button_Manager/button.c:20: if(pressOK >= PRESS_OK_COUNT && pressOK < PRESS_HOLD_COUNT){
      000015 74 FD            [12]  312 	mov	a,#0x100 - 0x03
      000017 25*01            [12]  313 	add	a,_get_button_action_pressOK_65536_3
      000019 50 1A            [24]  314 	jnc	00105$
      00001B 74 DE            [12]  315 	mov	a,#0x100 - 0x22
      00001D 25*01            [12]  316 	add	a,_get_button_action_pressOK_65536_3
      00001F 40 14            [24]  317 	jc	00105$
                                    318 ;	../UI_Manager/Button_Manager/button.c:21: switch (lastAction)
      000021 74 03            [12]  319 	mov	a,#0x03
      000023 B5*00 02         [24]  320 	cjne	a,_get_button_action_lastAction_65536_3,00468$
      000026 80 07            [24]  321 	sjmp	00101$
      000028                        322 00468$:
      000028 74 0A            [12]  323 	mov	a,#0x0a
                                    324 ;	../UI_Manager/Button_Manager/button.c:23: case BUTTON_UP:
      00002A B5*00 08         [24]  325 	cjne	a,_get_button_action_lastAction_65536_3,00105$
      00002D 80 04            [24]  326 	sjmp	00102$
      00002F                        327 00101$:
                                    328 ;	../UI_Manager/Button_Manager/button.c:24: retVal = BUTTON_UP;
      00002F 7D 03            [12]  329 	mov	r5,#0x03
                                    330 ;	../UI_Manager/Button_Manager/button.c:25: break;
                                    331 ;	../UI_Manager/Button_Manager/button.c:26: case BUTTON_DOWN:
      000031 80 02            [24]  332 	sjmp	00105$
      000033                        333 00102$:
                                    334 ;	../UI_Manager/Button_Manager/button.c:27: retVal = BUTTON_DOWN;
      000033 7D 0A            [12]  335 	mov	r5,#0x0a
                                    336 ;	../UI_Manager/Button_Manager/button.c:29: }
      000035                        337 00105$:
                                    338 ;	../UI_Manager/Button_Manager/button.c:31: lastAction = BUTTON_NA;
      000035 75*00 00         [24]  339 	mov	_get_button_action_lastAction_65536_3,#0x00
                                    340 ;	../UI_Manager/Button_Manager/button.c:32: pressOK = 0;
      000038 75*01 00         [24]  341 	mov	_get_button_action_pressOK_65536_3,#0x00
      00003B                        342 00108$:
                                    343 ;	../UI_Manager/Button_Manager/button.c:40: if(level <= BUTTON_FUNCTION_UPPER && level > BUTTON_FUNCTION_LOWER){ 
      00003B C3               [12]  344 	clr	c
      00003C 74 7A            [12]  345 	mov	a,#0x7a
      00003E 9E               [12]  346 	subb	a,r6
      00003F 74 03            [12]  347 	mov	a,#0x03
      000041 9F               [12]  348 	subb	a,r7
      000042 40 25            [24]  349 	jc	00117$
      000044 74 66            [12]  350 	mov	a,#0x66
      000046 9E               [12]  351 	subb	a,r6
      000047 74 03            [12]  352 	mov	a,#0x03
      000049 9F               [12]  353 	subb	a,r7
      00004A 50 1D            [24]  354 	jnc	00117$
                                    355 ;	../UI_Manager/Button_Manager/button.c:41: if(lastAction == BUTTON_FUNCTION){ 
      00004C 74 02            [12]  356 	mov	a,#0x02
      00004E B5*00 12         [24]  357 	cjne	a,_get_button_action_lastAction_65536_3,00114$
                                    358 ;	../UI_Manager/Button_Manager/button.c:42: if(pressOK < PRESS_OK_COUNT){
      000051 74 FD            [12]  359 	mov	a,#0x100 - 0x03
      000053 25*01            [12]  360 	add	a,_get_button_action_pressOK_65536_3
      000055 40 0F            [24]  361 	jc	00115$
                                    362 ;	../UI_Manager/Button_Manager/button.c:43: if(++pressOK >= PRESS_OK_COUNT){
      000057 05*01            [12]  363 	inc	_get_button_action_pressOK_65536_3
      000059 74 FD            [12]  364 	mov	a,#0x100 - 0x03
      00005B 25*01            [12]  365 	add	a,_get_button_action_pressOK_65536_3
      00005D 50 07            [24]  366 	jnc	00115$
                                    367 ;	../UI_Manager/Button_Manager/button.c:44: retVal = BUTTON_FUNCTION;
      00005F 7D 02            [12]  368 	mov	r5,#0x02
      000061 80 03            [24]  369 	sjmp	00115$
      000063                        370 00114$:
                                    371 ;	../UI_Manager/Button_Manager/button.c:48: pressOK = 0;
      000063 75*01 00         [24]  372 	mov	_get_button_action_pressOK_65536_3,#0x00
      000066                        373 00115$:
                                    374 ;	../UI_Manager/Button_Manager/button.c:51: lastAction = BUTTON_FUNCTION;
      000066 75*00 02         [24]  375 	mov	_get_button_action_lastAction_65536_3,#0x02
      000069                        376 00117$:
                                    377 ;	../UI_Manager/Button_Manager/button.c:55: if(level <= BUTTON_UP_UPPER && level > BUTTON_UP_LOWER){ 
      000069 C3               [12]  378 	clr	c
      00006A 74 48            [12]  379 	mov	a,#0x48
      00006C 9E               [12]  380 	subb	a,r6
      00006D 74 03            [12]  381 	mov	a,#0x03
      00006F 9F               [12]  382 	subb	a,r7
      000070 40 29            [24]  383 	jc	00128$
      000072 74 2F            [12]  384 	mov	a,#0x2f
      000074 9E               [12]  385 	subb	a,r6
      000075 74 03            [12]  386 	mov	a,#0x03
      000077 9F               [12]  387 	subb	a,r7
      000078 50 21            [24]  388 	jnc	00128$
                                    389 ;	../UI_Manager/Button_Manager/button.c:56: if(lastAction == BUTTON_UP){ 
      00007A 74 03            [12]  390 	mov	a,#0x03
      00007C B5*00 16         [24]  391 	cjne	a,_get_button_action_lastAction_65536_3,00125$
                                    392 ;	../UI_Manager/Button_Manager/button.c:57: if(pressOK < PRESS_HOLD_COUNT){
      00007F 74 DE            [12]  393 	mov	a,#0x100 - 0x22
      000081 25*01            [12]  394 	add	a,_get_button_action_pressOK_65536_3
      000083 40 0C            [24]  395 	jc	00122$
                                    396 ;	../UI_Manager/Button_Manager/button.c:58: if(++pressOK >= PRESS_HOLD_COUNT){
      000085 05*01            [12]  397 	inc	_get_button_action_pressOK_65536_3
      000087 74 DE            [12]  398 	mov	a,#0x100 - 0x22
      000089 25*01            [12]  399 	add	a,_get_button_action_pressOK_65536_3
      00008B 50 0B            [24]  400 	jnc	00126$
                                    401 ;	../UI_Manager/Button_Manager/button.c:59: retVal = BUTTON_UP_HOLD;
      00008D 7D 1E            [12]  402 	mov	r5,#0x1e
      00008F 80 07            [24]  403 	sjmp	00126$
      000091                        404 00122$:
                                    405 ;	../UI_Manager/Button_Manager/button.c:62: retVal = BUTTON_UP_BURST;
      000091 7D 1F            [12]  406 	mov	r5,#0x1f
      000093 80 03            [24]  407 	sjmp	00126$
      000095                        408 00125$:
                                    409 ;	../UI_Manager/Button_Manager/button.c:65: pressOK = 0;
      000095 75*01 00         [24]  410 	mov	_get_button_action_pressOK_65536_3,#0x00
      000098                        411 00126$:
                                    412 ;	../UI_Manager/Button_Manager/button.c:68: lastAction = BUTTON_UP;
      000098 75*00 03         [24]  413 	mov	_get_button_action_lastAction_65536_3,#0x03
      00009B                        414 00128$:
                                    415 ;	../UI_Manager/Button_Manager/button.c:72: if(level <= BUTTON_DOWN_UPPER && level > BUTTON_DOWN_LOWER){
      00009B C3               [12]  416 	clr	c
      00009C 74 AA            [12]  417 	mov	a,#0xaa
      00009E 9E               [12]  418 	subb	a,r6
      00009F E4               [12]  419 	clr	a
      0000A0 9F               [12]  420 	subb	a,r7
      0000A1 40 28            [24]  421 	jc	00139$
      0000A3 74 8C            [12]  422 	mov	a,#0x8c
      0000A5 9E               [12]  423 	subb	a,r6
      0000A6 E4               [12]  424 	clr	a
      0000A7 9F               [12]  425 	subb	a,r7
      0000A8 50 21            [24]  426 	jnc	00139$
                                    427 ;	../UI_Manager/Button_Manager/button.c:73: if(lastAction == BUTTON_DOWN){
      0000AA 74 0A            [12]  428 	mov	a,#0x0a
      0000AC B5*00 16         [24]  429 	cjne	a,_get_button_action_lastAction_65536_3,00136$
                                    430 ;	../UI_Manager/Button_Manager/button.c:74: if(pressOK < PRESS_HOLD_COUNT){
      0000AF 74 DE            [12]  431 	mov	a,#0x100 - 0x22
      0000B1 25*01            [12]  432 	add	a,_get_button_action_pressOK_65536_3
      0000B3 40 0C            [24]  433 	jc	00133$
                                    434 ;	../UI_Manager/Button_Manager/button.c:75: if(++pressOK >= PRESS_HOLD_COUNT){
      0000B5 05*01            [12]  435 	inc	_get_button_action_pressOK_65536_3
      0000B7 74 DE            [12]  436 	mov	a,#0x100 - 0x22
      0000B9 25*01            [12]  437 	add	a,_get_button_action_pressOK_65536_3
      0000BB 50 0B            [24]  438 	jnc	00137$
                                    439 ;	../UI_Manager/Button_Manager/button.c:76: retVal = BUTTON_DOWN_HOLD;
      0000BD 7D 64            [12]  440 	mov	r5,#0x64
      0000BF 80 07            [24]  441 	sjmp	00137$
      0000C1                        442 00133$:
                                    443 ;	../UI_Manager/Button_Manager/button.c:79: retVal = BUTTON_DOWN_BURST;
      0000C1 7D 65            [12]  444 	mov	r5,#0x65
      0000C3 80 03            [24]  445 	sjmp	00137$
      0000C5                        446 00136$:
                                    447 ;	../UI_Manager/Button_Manager/button.c:82: pressOK = 0;
      0000C5 75*01 00         [24]  448 	mov	_get_button_action_pressOK_65536_3,#0x00
      0000C8                        449 00137$:
                                    450 ;	../UI_Manager/Button_Manager/button.c:85: lastAction = BUTTON_DOWN;
      0000C8 75*00 0A         [24]  451 	mov	_get_button_action_lastAction_65536_3,#0x0a
      0000CB                        452 00139$:
                                    453 ;	../UI_Manager/Button_Manager/button.c:89: if(level <= BUTTON_FUN_UP_UPPER && level > BUTTON_FUN_UP_LOWER){
      0000CB C3               [12]  454 	clr	c
      0000CC 74 01            [12]  455 	mov	a,#0x01
      0000CE 9E               [12]  456 	subb	a,r6
      0000CF E4               [12]  457 	clr	a
      0000D0 9F               [12]  458 	subb	a,r7
      0000D1 40 21            [24]  459 	jc	00149$
      0000D3 EE               [12]  460 	mov	a,r6
      0000D4 4F               [12]  461 	orl	a,r7
      0000D5 60 1D            [24]  462 	jz	00149$
                                    463 ;	../UI_Manager/Button_Manager/button.c:90: if(lastAction == BUTTON_FUN_UP){ 
      0000D7 74 0C            [12]  464 	mov	a,#0x0c
      0000D9 B5*00 12         [24]  465 	cjne	a,_get_button_action_lastAction_65536_3,00146$
                                    466 ;	../UI_Manager/Button_Manager/button.c:91: if(pressOK < PRESS_OK_COUNT){
      0000DC 74 FD            [12]  467 	mov	a,#0x100 - 0x03
      0000DE 25*01            [12]  468 	add	a,_get_button_action_pressOK_65536_3
      0000E0 40 0F            [24]  469 	jc	00147$
                                    470 ;	../UI_Manager/Button_Manager/button.c:92: if(++pressOK >= PRESS_OK_COUNT){
      0000E2 05*01            [12]  471 	inc	_get_button_action_pressOK_65536_3
      0000E4 74 FD            [12]  472 	mov	a,#0x100 - 0x03
      0000E6 25*01            [12]  473 	add	a,_get_button_action_pressOK_65536_3
      0000E8 50 07            [24]  474 	jnc	00147$
                                    475 ;	../UI_Manager/Button_Manager/button.c:93: retVal = BUTTON_FUN_UP;
      0000EA 7D 0C            [12]  476 	mov	r5,#0x0c
      0000EC 80 03            [24]  477 	sjmp	00147$
      0000EE                        478 00146$:
                                    479 ;	../UI_Manager/Button_Manager/button.c:97: pressOK = 0;
      0000EE 75*01 00         [24]  480 	mov	_get_button_action_pressOK_65536_3,#0x00
      0000F1                        481 00147$:
                                    482 ;	../UI_Manager/Button_Manager/button.c:100: lastAction = BUTTON_FUN_UP;
      0000F1 75*00 0C         [24]  483 	mov	_get_button_action_lastAction_65536_3,#0x0c
      0000F4                        484 00149$:
                                    485 ;	../UI_Manager/Button_Manager/button.c:104: if(level <= BUTTON_TIMER_UPPER && level > BUTTON_TIMER_LOWER){
      0000F4 C3               [12]  486 	clr	c
      0000F5 74 98            [12]  487 	mov	a,#0x98
      0000F7 9E               [12]  488 	subb	a,r6
      0000F8 74 03            [12]  489 	mov	a,#0x03
      0000FA 9F               [12]  490 	subb	a,r7
      0000FB 40 25            [24]  491 	jc	00159$
      0000FD 74 84            [12]  492 	mov	a,#0x84
      0000FF 9E               [12]  493 	subb	a,r6
      000100 74 03            [12]  494 	mov	a,#0x03
      000102 9F               [12]  495 	subb	a,r7
      000103 50 1D            [24]  496 	jnc	00159$
                                    497 ;	../UI_Manager/Button_Manager/button.c:105: if(lastAction == BUTTON_TIMER){ 
      000105 74 01            [12]  498 	mov	a,#0x01
      000107 B5*00 12         [24]  499 	cjne	a,_get_button_action_lastAction_65536_3,00156$
                                    500 ;	../UI_Manager/Button_Manager/button.c:106: if(pressOK < PRESS_OK_COUNT){
      00010A 74 FD            [12]  501 	mov	a,#0x100 - 0x03
      00010C 25*01            [12]  502 	add	a,_get_button_action_pressOK_65536_3
      00010E 40 0F            [24]  503 	jc	00157$
                                    504 ;	../UI_Manager/Button_Manager/button.c:107: if(++pressOK >= PRESS_OK_COUNT){
      000110 05*01            [12]  505 	inc	_get_button_action_pressOK_65536_3
      000112 74 FD            [12]  506 	mov	a,#0x100 - 0x03
      000114 25*01            [12]  507 	add	a,_get_button_action_pressOK_65536_3
      000116 50 07            [24]  508 	jnc	00157$
                                    509 ;	../UI_Manager/Button_Manager/button.c:108: retVal = BUTTON_TIMER;
      000118 7D 01            [12]  510 	mov	r5,#0x01
      00011A 80 03            [24]  511 	sjmp	00157$
      00011C                        512 00156$:
                                    513 ;	../UI_Manager/Button_Manager/button.c:112: pressOK = 0;
      00011C 75*01 00         [24]  514 	mov	_get_button_action_pressOK_65536_3,#0x00
      00011F                        515 00157$:
                                    516 ;	../UI_Manager/Button_Manager/button.c:115: lastAction = BUTTON_TIMER;
      00011F 75*00 01         [24]  517 	mov	_get_button_action_lastAction_65536_3,#0x01
      000122                        518 00159$:
                                    519 ;	../UI_Manager/Button_Manager/button.c:119: if(level <= BUTTON_MANUAL_UPPER && level > BUTTON_MANUAL_LOWER){
      000122 C3               [12]  520 	clr	c
      000123 74 12            [12]  521 	mov	a,#0x12
      000125 9E               [12]  522 	subb	a,r6
      000126 74 02            [12]  523 	mov	a,#0x02
      000128 9F               [12]  524 	subb	a,r7
      000129 40 25            [24]  525 	jc	00169$
      00012B 74 FE            [12]  526 	mov	a,#0xfe
      00012D 9E               [12]  527 	subb	a,r6
      00012E 74 01            [12]  528 	mov	a,#0x01
      000130 9F               [12]  529 	subb	a,r7
      000131 50 1D            [24]  530 	jnc	00169$
                                    531 ;	../UI_Manager/Button_Manager/button.c:120: if(lastAction == BUTTON_MANUAL){ 
      000133 74 07            [12]  532 	mov	a,#0x07
      000135 B5*00 12         [24]  533 	cjne	a,_get_button_action_lastAction_65536_3,00166$
                                    534 ;	../UI_Manager/Button_Manager/button.c:121: if(pressOK < PRESS_OK_COUNT){
      000138 74 FD            [12]  535 	mov	a,#0x100 - 0x03
      00013A 25*01            [12]  536 	add	a,_get_button_action_pressOK_65536_3
      00013C 40 0F            [24]  537 	jc	00167$
                                    538 ;	../UI_Manager/Button_Manager/button.c:122: if(++pressOK >= PRESS_OK_COUNT){
      00013E 05*01            [12]  539 	inc	_get_button_action_pressOK_65536_3
      000140 74 FD            [12]  540 	mov	a,#0x100 - 0x03
      000142 25*01            [12]  541 	add	a,_get_button_action_pressOK_65536_3
      000144 50 07            [24]  542 	jnc	00167$
                                    543 ;	../UI_Manager/Button_Manager/button.c:123: retVal = BUTTON_MANUAL;
      000146 7D 07            [12]  544 	mov	r5,#0x07
      000148 80 03            [24]  545 	sjmp	00167$
      00014A                        546 00166$:
                                    547 ;	../UI_Manager/Button_Manager/button.c:127: pressOK = 0;
      00014A 75*01 00         [24]  548 	mov	_get_button_action_pressOK_65536_3,#0x00
      00014D                        549 00167$:
                                    550 ;	../UI_Manager/Button_Manager/button.c:130: lastAction = BUTTON_MANUAL;
      00014D 75*00 07         [24]  551 	mov	_get_button_action_lastAction_65536_3,#0x07
      000150                        552 00169$:
                                    553 ;	../UI_Manager/Button_Manager/button.c:134: if(level <= BUTTON_BURST_UPPER && level > BUTTON_BURST_LOWER){
      000150 C3               [12]  554 	clr	c
      000151 74 C6            [12]  555 	mov	a,#0xc6
      000153 9E               [12]  556 	subb	a,r6
      000154 74 02            [12]  557 	mov	a,#0x02
      000156 9F               [12]  558 	subb	a,r7
      000157 40 29            [24]  559 	jc	00180$
      000159 74 A8            [12]  560 	mov	a,#0xa8
      00015B 9E               [12]  561 	subb	a,r6
      00015C 74 02            [12]  562 	mov	a,#0x02
      00015E 9F               [12]  563 	subb	a,r7
      00015F 50 21            [24]  564 	jnc	00180$
                                    565 ;	../UI_Manager/Button_Manager/button.c:135: if(lastAction == BUTTON_BURST){ 
      000161 74 05            [12]  566 	mov	a,#0x05
      000163 B5*00 16         [24]  567 	cjne	a,_get_button_action_lastAction_65536_3,00177$
                                    568 ;	../UI_Manager/Button_Manager/button.c:136: if(pressOK < PRESS_OK_COUNT){
      000166 74 FD            [12]  569 	mov	a,#0x100 - 0x03
      000168 25*01            [12]  570 	add	a,_get_button_action_pressOK_65536_3
      00016A 40 0C            [24]  571 	jc	00174$
                                    572 ;	../UI_Manager/Button_Manager/button.c:137: if(++pressOK >= PRESS_OK_COUNT){
      00016C 05*01            [12]  573 	inc	_get_button_action_pressOK_65536_3
      00016E 74 FD            [12]  574 	mov	a,#0x100 - 0x03
      000170 25*01            [12]  575 	add	a,_get_button_action_pressOK_65536_3
      000172 50 0B            [24]  576 	jnc	00178$
                                    577 ;	../UI_Manager/Button_Manager/button.c:138: retVal = BUTTON_BURST;
      000174 7D 05            [12]  578 	mov	r5,#0x05
      000176 80 07            [24]  579 	sjmp	00178$
      000178                        580 00174$:
                                    581 ;	../UI_Manager/Button_Manager/button.c:141: retVal = BUTTON_BURST;
      000178 7D 05            [12]  582 	mov	r5,#0x05
      00017A 80 03            [24]  583 	sjmp	00178$
      00017C                        584 00177$:
                                    585 ;	../UI_Manager/Button_Manager/button.c:144: pressOK = 0;
      00017C 75*01 00         [24]  586 	mov	_get_button_action_pressOK_65536_3,#0x00
      00017F                        587 00178$:
                                    588 ;	../UI_Manager/Button_Manager/button.c:147: lastAction = BUTTON_BURST;
      00017F 75*00 05         [24]  589 	mov	_get_button_action_lastAction_65536_3,#0x05
      000182                        590 00180$:
                                    591 ;	../UI_Manager/Button_Manager/button.c:151: if(level <= BUTTON_FUN_MAN_UPPER && level > BUTTON_FUN_MAN_LOWER){
      000182 C3               [12]  592 	clr	c
      000183 74 EA            [12]  593 	mov	a,#0xea
      000185 9E               [12]  594 	subb	a,r6
      000186 74 01            [12]  595 	mov	a,#0x01
      000188 9F               [12]  596 	subb	a,r7
      000189 40 25            [24]  597 	jc	00190$
      00018B 74 CC            [12]  598 	mov	a,#0xcc
      00018D 9E               [12]  599 	subb	a,r6
      00018E 74 01            [12]  600 	mov	a,#0x01
      000190 9F               [12]  601 	subb	a,r7
      000191 50 1D            [24]  602 	jnc	00190$
                                    603 ;	../UI_Manager/Button_Manager/button.c:152: if(lastAction == BUTTON_FUN_MAN){ 
      000193 74 08            [12]  604 	mov	a,#0x08
      000195 B5*00 12         [24]  605 	cjne	a,_get_button_action_lastAction_65536_3,00187$
                                    606 ;	../UI_Manager/Button_Manager/button.c:153: if(pressOK < PRESS_OK_COUNT){
      000198 74 FD            [12]  607 	mov	a,#0x100 - 0x03
      00019A 25*01            [12]  608 	add	a,_get_button_action_pressOK_65536_3
      00019C 40 0F            [24]  609 	jc	00188$
                                    610 ;	../UI_Manager/Button_Manager/button.c:154: if(++pressOK >= PRESS_OK_COUNT){
      00019E 05*01            [12]  611 	inc	_get_button_action_pressOK_65536_3
      0001A0 74 FD            [12]  612 	mov	a,#0x100 - 0x03
      0001A2 25*01            [12]  613 	add	a,_get_button_action_pressOK_65536_3
      0001A4 50 07            [24]  614 	jnc	00188$
                                    615 ;	../UI_Manager/Button_Manager/button.c:155: retVal = BUTTON_FUN_MAN;
      0001A6 7D 08            [12]  616 	mov	r5,#0x08
      0001A8 80 03            [24]  617 	sjmp	00188$
      0001AA                        618 00187$:
                                    619 ;	../UI_Manager/Button_Manager/button.c:159: pressOK = 0;
      0001AA 75*01 00         [24]  620 	mov	_get_button_action_pressOK_65536_3,#0x00
      0001AD                        621 00188$:
                                    622 ;	../UI_Manager/Button_Manager/button.c:162: lastAction = BUTTON_FUN_MAN;
      0001AD 75*00 08         [24]  623 	mov	_get_button_action_lastAction_65536_3,#0x08
      0001B0                        624 00190$:
                                    625 ;	../UI_Manager/Button_Manager/button.c:166: if(level <= BUTTON_MAN_BURST_UPPER && level > BUTTON_MAN_BURST_LOWER){
      0001B0 C3               [12]  626 	clr	c
      0001B1 74 B8            [12]  627 	mov	a,#0xb8
      0001B3 9E               [12]  628 	subb	a,r6
      0001B4 74 01            [12]  629 	mov	a,#0x01
      0001B6 9F               [12]  630 	subb	a,r7
      0001B7 40 25            [24]  631 	jc	00200$
      0001B9 74 A4            [12]  632 	mov	a,#0xa4
      0001BB 9E               [12]  633 	subb	a,r6
      0001BC 74 01            [12]  634 	mov	a,#0x01
      0001BE 9F               [12]  635 	subb	a,r7
      0001BF 50 1D            [24]  636 	jnc	00200$
                                    637 ;	../UI_Manager/Button_Manager/button.c:167: if(lastAction == BUTTON_MAN_BURST){ 
      0001C1 74 09            [12]  638 	mov	a,#0x09
      0001C3 B5*00 12         [24]  639 	cjne	a,_get_button_action_lastAction_65536_3,00197$
                                    640 ;	../UI_Manager/Button_Manager/button.c:168: if(pressOK < PRESS_HOLD_COUNT){
      0001C6 74 DE            [12]  641 	mov	a,#0x100 - 0x22
      0001C8 25*01            [12]  642 	add	a,_get_button_action_pressOK_65536_3
      0001CA 40 0F            [24]  643 	jc	00198$
                                    644 ;	../UI_Manager/Button_Manager/button.c:169: if(++pressOK >= PRESS_HOLD_COUNT + (34 * 5)){
      0001CC 05*01            [12]  645 	inc	_get_button_action_pressOK_65536_3
      0001CE 74 34            [12]  646 	mov	a,#0x100 - 0xcc
      0001D0 25*01            [12]  647 	add	a,_get_button_action_pressOK_65536_3
      0001D2 50 07            [24]  648 	jnc	00198$
                                    649 ;	../UI_Manager/Button_Manager/button.c:170: retVal = BUTTON_MAN_BURST;
      0001D4 7D 09            [12]  650 	mov	r5,#0x09
      0001D6 80 03            [24]  651 	sjmp	00198$
      0001D8                        652 00197$:
                                    653 ;	../UI_Manager/Button_Manager/button.c:174: pressOK = 0;
      0001D8 75*01 00         [24]  654 	mov	_get_button_action_pressOK_65536_3,#0x00
      0001DB                        655 00198$:
                                    656 ;	../UI_Manager/Button_Manager/button.c:177: lastAction = BUTTON_MAN_BURST;
      0001DB 75*00 09         [24]  657 	mov	_get_button_action_lastAction_65536_3,#0x09
      0001DE                        658 00200$:
                                    659 ;	../UI_Manager/Button_Manager/button.c:181: if(level <= BUTTON_FUN_TIME_UPPER && level > BUTTON_FUN_TIME_LOWER){
      0001DE C3               [12]  660 	clr	c
      0001DF 74 2A            [12]  661 	mov	a,#0x2a
      0001E1 9E               [12]  662 	subb	a,r6
      0001E2 74 03            [12]  663 	mov	a,#0x03
      0001E4 9F               [12]  664 	subb	a,r7
      0001E5 40 25            [24]  665 	jc	00210$
      0001E7 74 16            [12]  666 	mov	a,#0x16
      0001E9 9E               [12]  667 	subb	a,r6
      0001EA 74 03            [12]  668 	mov	a,#0x03
      0001EC 9F               [12]  669 	subb	a,r7
      0001ED 50 1D            [24]  670 	jnc	00210$
                                    671 ;	../UI_Manager/Button_Manager/button.c:182: if(lastAction == BUTTON_FUN_TIME){ 
      0001EF 74 04            [12]  672 	mov	a,#0x04
      0001F1 B5*00 12         [24]  673 	cjne	a,_get_button_action_lastAction_65536_3,00207$
                                    674 ;	../UI_Manager/Button_Manager/button.c:183: if(pressOK < PRESS_OK_COUNT){
      0001F4 74 FD            [12]  675 	mov	a,#0x100 - 0x03
      0001F6 25*01            [12]  676 	add	a,_get_button_action_pressOK_65536_3
      0001F8 40 0F            [24]  677 	jc	00208$
                                    678 ;	../UI_Manager/Button_Manager/button.c:184: if(++pressOK >= PRESS_OK_COUNT){
      0001FA 05*01            [12]  679 	inc	_get_button_action_pressOK_65536_3
      0001FC 74 FD            [12]  680 	mov	a,#0x100 - 0x03
      0001FE 25*01            [12]  681 	add	a,_get_button_action_pressOK_65536_3
      000200 50 07            [24]  682 	jnc	00208$
                                    683 ;	../UI_Manager/Button_Manager/button.c:185: retVal = BUTTON_FUN_TIME;
      000202 7D 04            [12]  684 	mov	r5,#0x04
      000204 80 03            [24]  685 	sjmp	00208$
      000206                        686 00207$:
                                    687 ;	../UI_Manager/Button_Manager/button.c:189: pressOK = 0;
      000206 75*01 00         [24]  688 	mov	_get_button_action_pressOK_65536_3,#0x00
      000209                        689 00208$:
                                    690 ;	../UI_Manager/Button_Manager/button.c:192: lastAction = BUTTON_FUN_TIME;
      000209 75*00 04         [24]  691 	mov	_get_button_action_lastAction_65536_3,#0x04
      00020C                        692 00210$:
                                    693 ;	../UI_Manager/Button_Manager/button.c:196: if(level <= BUTTON_FUN_BURST_UPPER && level > BUTTON_FUN_BURST_LOWER){
      00020C C3               [12]  694 	clr	c
      00020D 74 8A            [12]  695 	mov	a,#0x8a
      00020F 9E               [12]  696 	subb	a,r6
      000210 74 02            [12]  697 	mov	a,#0x02
      000212 9F               [12]  698 	subb	a,r7
      000213 40 29            [24]  699 	jc	00221$
      000215 74 76            [12]  700 	mov	a,#0x76
      000217 9E               [12]  701 	subb	a,r6
      000218 74 02            [12]  702 	mov	a,#0x02
      00021A 9F               [12]  703 	subb	a,r7
      00021B 50 21            [24]  704 	jnc	00221$
                                    705 ;	../UI_Manager/Button_Manager/button.c:197: if(lastAction == BUTTON_FUN_BURST){ 
      00021D 74 0B            [12]  706 	mov	a,#0x0b
      00021F B5*00 16         [24]  707 	cjne	a,_get_button_action_lastAction_65536_3,00218$
                                    708 ;	../UI_Manager/Button_Manager/button.c:198: if(pressOK < PRESS_OK_COUNT){
      000222 74 FD            [12]  709 	mov	a,#0x100 - 0x03
      000224 25*01            [12]  710 	add	a,_get_button_action_pressOK_65536_3
      000226 40 0C            [24]  711 	jc	00215$
                                    712 ;	../UI_Manager/Button_Manager/button.c:199: if(++pressOK >= PRESS_OK_COUNT){
      000228 05*01            [12]  713 	inc	_get_button_action_pressOK_65536_3
      00022A 74 FD            [12]  714 	mov	a,#0x100 - 0x03
      00022C 25*01            [12]  715 	add	a,_get_button_action_pressOK_65536_3
      00022E 50 0B            [24]  716 	jnc	00219$
                                    717 ;	../UI_Manager/Button_Manager/button.c:200: retVal = BUTTON_FUN_BURST;
      000230 7D 0B            [12]  718 	mov	r5,#0x0b
      000232 80 07            [24]  719 	sjmp	00219$
      000234                        720 00215$:
                                    721 ;	../UI_Manager/Button_Manager/button.c:203: retVal = BUTTON_FUN_BURST;
      000234 7D 0B            [12]  722 	mov	r5,#0x0b
      000236 80 03            [24]  723 	sjmp	00219$
      000238                        724 00218$:
                                    725 ;	../UI_Manager/Button_Manager/button.c:206: pressOK = 0;
      000238 75*01 00         [24]  726 	mov	_get_button_action_pressOK_65536_3,#0x00
      00023B                        727 00219$:
                                    728 ;	../UI_Manager/Button_Manager/button.c:209: lastAction = BUTTON_FUN_BURST;
      00023B 75*00 0B         [24]  729 	mov	_get_button_action_lastAction_65536_3,#0x0b
      00023E                        730 00221$:
                                    731 ;	../UI_Manager/Button_Manager/button.c:212: return retVal;
      00023E 8D 82            [24]  732 	mov	dpl,r5
                                    733 ;	../UI_Manager/Button_Manager/button.c:213: }
      000240 22               [24]  734 	ret
                                    735 	.area CSEG    (CODE)
                                    736 	.area CONST   (CODE)
                                    737 	.area XINIT   (CODE)
                                    738 	.area CABS    (ABS,CODE)
