                                      1 ;--------------------------------------------------------
                                      2 ; File Created by SDCC : free open source ANSI-C Compiler
                                      3 ; Version 3.8.0 #10562 (Linux)
                                      4 ;--------------------------------------------------------
                                      5 	.module main
                                      6 	.optsdcc -mmcs51 --model-small
                                      7 	
                                      8 ;--------------------------------------------------------
                                      9 ; Public variables in this module
                                     10 ;--------------------------------------------------------
                                     11 	.globl _main
                                     12 	.globl _tick_wireless
                                     13 	.globl _blackout
                                     14 	.globl _tick_led
                                     15 	.globl _power_heater
                                     16 	.globl _tick_fogger
                                     17 	.globl _tick_ui
                                     18 	.globl _exe_command
                                     19 	.globl _save_load_settings
                                     20 	.globl _CPRL2
                                     21 	.globl _CT2
                                     22 	.globl _TR2
                                     23 	.globl _EXEN2
                                     24 	.globl _TCLK
                                     25 	.globl _RCLK
                                     26 	.globl _REN
                                     27 	.globl _SM2
                                     28 	.globl _SM1
                                     29 	.globl _SM0
                                     30 	.globl _RCK
                                     31 	.globl _SER
                                     32 	.globl _SCK
                                     33 	.globl _RI
                                     34 	.globl _ES
                                     35 	.globl _ET0
                                     36 	.globl _EA
                                     37 	.globl _P3_7
                                     38 	.globl _P3_6
                                     39 	.globl _P3_5
                                     40 	.globl _P3_4
                                     41 	.globl _P3_3
                                     42 	.globl _P3_2
                                     43 	.globl _P3_1
                                     44 	.globl _P3_0
                                     45 	.globl _P2_7
                                     46 	.globl _P2_6
                                     47 	.globl _P2_5
                                     48 	.globl _P2_4
                                     49 	.globl _P2_3
                                     50 	.globl _P2_2
                                     51 	.globl _P2_1
                                     52 	.globl _P2_0
                                     53 	.globl _P1_7
                                     54 	.globl _P1_6
                                     55 	.globl _P1_5
                                     56 	.globl _P1_4
                                     57 	.globl _P1_3
                                     58 	.globl _P1_2
                                     59 	.globl _P1_1
                                     60 	.globl _P1_0
                                     61 	.globl _P0_7
                                     62 	.globl _P0_6
                                     63 	.globl _P0_5
                                     64 	.globl _P0_4
                                     65 	.globl _P0_3
                                     66 	.globl _P0_2
                                     67 	.globl _P0_1
                                     68 	.globl _P0_0
                                     69 	.globl _IAP_ADRH
                                     70 	.globl _IAP_ADRL
                                     71 	.globl _IAPEN
                                     72 	.globl _TH0
                                     73 	.globl _TL0
                                     74 	.globl _CKCON
                                     75 	.globl _TMOD
                                     76 	.globl _TCON
                                     77 	.globl _PWMDATA17L
                                     78 	.globl _PWMDATA17H
                                     79 	.globl _PWMDATA14L
                                     80 	.globl _PWMDATA14H
                                     81 	.globl _PWMDATA11L
                                     82 	.globl _PWMDATA11H
                                     83 	.globl _PWM_EA2
                                     84 	.globl _PWM_EA1
                                     85 	.globl _SBUF
                                     86 	.globl _TL3
                                     87 	.globl _TH3
                                     88 	.globl _T2CON
                                     89 	.globl _RCAP2H
                                     90 	.globl _RCAP2L
                                     91 	.globl _SCON
                                     92 	.globl _P1_OPT
                                     93 	.globl _ADCVAL2
                                     94 	.globl _ADCVAL1
                                     95 	.globl _ADCSEL
                                     96 	.globl _EXIF
                                     97 	.globl _EIE
                                     98 	.globl _IE
                                     99 	.globl _P3
                                    100 	.globl _P2
                                    101 	.globl _P1
                                    102 	.globl _P0
                                    103 	.globl _PCLKSEL
                                    104 	.globl _CHIPCON
                                    105 ;--------------------------------------------------------
                                    106 ; special function registers
                                    107 ;--------------------------------------------------------
                                    108 	.area RSEG    (ABS,DATA)
      000000                        109 	.org 0x0000
                           0000BF   110 _CHIPCON	=	0x00bf
                           0000B7   111 _PCLKSEL	=	0x00b7
                           000080   112 _P0	=	0x0080
                           000090   113 _P1	=	0x0090
                           0000A0   114 _P2	=	0x00a0
                           0000B0   115 _P3	=	0x00b0
                           0000A8   116 _IE	=	0x00a8
                           0000E8   117 _EIE	=	0x00e8
                           000091   118 _EXIF	=	0x0091
                           0000DA   119 _ADCSEL	=	0x00da
                           0000DB   120 _ADCVAL1	=	0x00db
                           0000DC   121 _ADCVAL2	=	0x00dc
                           0000D9   122 _P1_OPT	=	0x00d9
                           000098   123 _SCON	=	0x0098
                           0000CA   124 _RCAP2L	=	0x00ca
                           0000CB   125 _RCAP2H	=	0x00cb
                           0000C8   126 _T2CON	=	0x00c8
                           00009B   127 _TH3	=	0x009b
                           00009A   128 _TL3	=	0x009a
                           000099   129 _SBUF	=	0x0099
                           0000D3   130 _PWM_EA1	=	0x00d3
                           0000D4   131 _PWM_EA2	=	0x00d4
                           0000BD   132 _PWMDATA11H	=	0x00bd
                           0000BE   133 _PWMDATA11L	=	0x00be
                           0000B5   134 _PWMDATA14H	=	0x00b5
                           0000B6   135 _PWMDATA14L	=	0x00b6
                           0000AD   136 _PWMDATA17H	=	0x00ad
                           0000AE   137 _PWMDATA17L	=	0x00ae
                           000088   138 _TCON	=	0x0088
                           000089   139 _TMOD	=	0x0089
                           00008E   140 _CKCON	=	0x008e
                           00008A   141 _TL0	=	0x008a
                           00008C   142 _TH0	=	0x008c
                           0000E4   143 _IAPEN	=	0x00e4
                           0000E5   144 _IAP_ADRL	=	0x00e5
                           0000E6   145 _IAP_ADRH	=	0x00e6
                                    146 ;--------------------------------------------------------
                                    147 ; special function bits
                                    148 ;--------------------------------------------------------
                                    149 	.area RSEG    (ABS,DATA)
      000000                        150 	.org 0x0000
                           000080   151 _P0_0	=	0x0080
                           000081   152 _P0_1	=	0x0081
                           000082   153 _P0_2	=	0x0082
                           000083   154 _P0_3	=	0x0083
                           000084   155 _P0_4	=	0x0084
                           000085   156 _P0_5	=	0x0085
                           000086   157 _P0_6	=	0x0086
                           000087   158 _P0_7	=	0x0087
                           000090   159 _P1_0	=	0x0090
                           000091   160 _P1_1	=	0x0091
                           000092   161 _P1_2	=	0x0092
                           000093   162 _P1_3	=	0x0093
                           000094   163 _P1_4	=	0x0094
                           000095   164 _P1_5	=	0x0095
                           000096   165 _P1_6	=	0x0096
                           000097   166 _P1_7	=	0x0097
                           0000A0   167 _P2_0	=	0x00a0
                           0000A1   168 _P2_1	=	0x00a1
                           0000A2   169 _P2_2	=	0x00a2
                           0000A3   170 _P2_3	=	0x00a3
                           0000A4   171 _P2_4	=	0x00a4
                           0000A5   172 _P2_5	=	0x00a5
                           0000A6   173 _P2_6	=	0x00a6
                           0000A7   174 _P2_7	=	0x00a7
                           0000B0   175 _P3_0	=	0x00b0
                           0000B1   176 _P3_1	=	0x00b1
                           0000B2   177 _P3_2	=	0x00b2
                           0000B3   178 _P3_3	=	0x00b3
                           0000B4   179 _P3_4	=	0x00b4
                           0000B5   180 _P3_5	=	0x00b5
                           0000B6   181 _P3_6	=	0x00b6
                           0000B7   182 _P3_7	=	0x00b7
                           0000AF   183 _EA	=	0x00af
                           0000A9   184 _ET0	=	0x00a9
                           0000AC   185 _ES	=	0x00ac
                           000098   186 _RI	=	0x0098
                           000093   187 _SCK	=	0x0093
                           000095   188 _SER	=	0x0095
                           000092   189 _RCK	=	0x0092
                           00009F   190 _SM0	=	0x009f
                           00009E   191 _SM1	=	0x009e
                           00009D   192 _SM2	=	0x009d
                           00009C   193 _REN	=	0x009c
                           0000CD   194 _RCLK	=	0x00cd
                           0000CC   195 _TCLK	=	0x00cc
                           0000CB   196 _EXEN2	=	0x00cb
                           0000CA   197 _TR2	=	0x00ca
                           0000C9   198 _CT2	=	0x00c9
                           0000C8   199 _CPRL2	=	0x00c8
                                    200 ;--------------------------------------------------------
                                    201 ; overlayable register banks
                                    202 ;--------------------------------------------------------
                                    203 	.area REG_BANK_0	(REL,OVR,DATA)
      000000                        204 	.ds 8
                                    205 ;--------------------------------------------------------
                                    206 ; internal ram data
                                    207 ;--------------------------------------------------------
                                    208 	.area DSEG    (DATA)
                                    209 ;--------------------------------------------------------
                                    210 ; overlayable items in internal ram 
                                    211 ;--------------------------------------------------------
                                    212 ;--------------------------------------------------------
                                    213 ; Stack segment in internal ram 
                                    214 ;--------------------------------------------------------
                                    215 	.area	SSEG
      000000                        216 __start__stack:
      000000                        217 	.ds	1
                                    218 
                                    219 ;--------------------------------------------------------
                                    220 ; indirectly addressable internal ram data
                                    221 ;--------------------------------------------------------
                                    222 	.area ISEG    (DATA)
                                    223 ;--------------------------------------------------------
                                    224 ; absolute internal ram data
                                    225 ;--------------------------------------------------------
                                    226 	.area IABS    (ABS,DATA)
                                    227 	.area IABS    (ABS,DATA)
                                    228 ;--------------------------------------------------------
                                    229 ; bit data
                                    230 ;--------------------------------------------------------
                                    231 	.area BSEG    (BIT)
                                    232 ;--------------------------------------------------------
                                    233 ; paged external ram data
                                    234 ;--------------------------------------------------------
                                    235 	.area PSEG    (PAG,XDATA)
                                    236 ;--------------------------------------------------------
                                    237 ; external ram data
                                    238 ;--------------------------------------------------------
                                    239 	.area XSEG    (XDATA)
                                    240 ;--------------------------------------------------------
                                    241 ; absolute external ram data
                                    242 ;--------------------------------------------------------
                                    243 	.area XABS    (ABS,XDATA)
                                    244 ;--------------------------------------------------------
                                    245 ; external initialized ram data
                                    246 ;--------------------------------------------------------
                                    247 	.area XISEG   (XDATA)
                                    248 	.area HOME    (CODE)
                                    249 	.area GSINIT0 (CODE)
                                    250 	.area GSINIT1 (CODE)
                                    251 	.area GSINIT2 (CODE)
                                    252 	.area GSINIT3 (CODE)
                                    253 	.area GSINIT4 (CODE)
                                    254 	.area GSINIT5 (CODE)
                                    255 	.area GSINIT  (CODE)
                                    256 	.area GSFINAL (CODE)
                                    257 	.area CSEG    (CODE)
                                    258 ;--------------------------------------------------------
                                    259 ; interrupt vector 
                                    260 ;--------------------------------------------------------
                                    261 	.area HOME    (CODE)
      000000                        262 __interrupt_vect:
      000000 02r00r00         [24]  263 	ljmp	__sdcc_gsinit_startup
      000003 32               [24]  264 	reti
      000004                        265 	.ds	7
      00000B 02r00r00         [24]  266 	ljmp	_wirelessBreakDetectISR
      00000E                        267 	.ds	5
      000013 32               [24]  268 	reti
      000014                        269 	.ds	7
      00001B 32               [24]  270 	reti
      00001C                        271 	.ds	7
      000023 02r00r00         [24]  272 	ljmp	_dmxReceiveByteISR
      000026                        273 	.ds	5
      00002B 32               [24]  274 	reti
      00002C                        275 	.ds	7
      000033 32               [24]  276 	reti
      000034                        277 	.ds	7
      00003B 32               [24]  278 	reti
      00003C                        279 	.ds	7
      000043 02r00r00         [24]  280 	ljmp	_dmxBreakDetectedISR
                                    281 ;--------------------------------------------------------
                                    282 ; global & static initialisations
                                    283 ;--------------------------------------------------------
                                    284 	.area HOME    (CODE)
                                    285 	.area GSINIT  (CODE)
                                    286 	.area GSFINAL (CODE)
                                    287 	.area GSINIT  (CODE)
                                    288 	.globl __sdcc_gsinit_startup
                                    289 	.globl __sdcc_program_startup
                                    290 	.globl __start__stack
                                    291 	.globl __mcs51_genXINIT
                                    292 	.globl __mcs51_genXRAMCLEAR
                                    293 	.globl __mcs51_genRAMCLEAR
                                    294 	.area GSFINAL (CODE)
      000000 02r00r46         [24]  295 	ljmp	__sdcc_program_startup
                                    296 ;--------------------------------------------------------
                                    297 ; Home
                                    298 ;--------------------------------------------------------
                                    299 	.area HOME    (CODE)
                                    300 	.area HOME    (CODE)
      000046                        301 __sdcc_program_startup:
      000046 02r00r00         [24]  302 	ljmp	_main
                                    303 ;	return from main will return to caller
                                    304 ;--------------------------------------------------------
                                    305 ; code
                                    306 ;--------------------------------------------------------
                                    307 	.area CSEG    (CODE)
                                    308 ;------------------------------------------------------------
                                    309 ;Allocation info for local variables in function 'main'
                                    310 ;------------------------------------------------------------
                                    311 ;tick                      Allocated to registers 
                                    312 ;------------------------------------------------------------
                                    313 ;	../main.c:26: void main(void)
                                    314 ;	-----------------------------------------
                                    315 ;	 function main
                                    316 ;	-----------------------------------------
      000000                        317 _main:
                           000007   318 	ar7 = 0x07
                           000006   319 	ar6 = 0x06
                           000005   320 	ar5 = 0x05
                           000004   321 	ar4 = 0x04
                           000003   322 	ar3 = 0x03
                           000002   323 	ar2 = 0x02
                           000001   324 	ar1 = 0x01
                           000000   325 	ar0 = 0x00
                                    326 ;	../main.c:32: CHIPCON = 0x50;
      000000 75 BF 50         [24]  327 	mov	_CHIPCON,#0x50
                                    328 ;	../main.c:33: PCLKSEL = 0x21;
      000003 75 B7 21         [24]  329 	mov	_PCLKSEL,#0x21
                                    330 ;	../main.c:34: EA = 1; //global interrupts enabled
                                    331 ;	assignBit
      000006 D2 AF            [12]  332 	setb	_EA
                                    333 ;	../main.c:35: P2_3 = 1; //enable programming
                                    334 ;	assignBit
      000008 D2 A3            [12]  335 	setb	_P2_3
                                    336 ;	../main.c:38: IAP_ADRH = (uint8_t) (RUNTIME_DATA_FLASH_SAVE_PAGE >> 8);
      00000A 75 E6 3F         [24]  337 	mov	_IAP_ADRH,#0x3f
                                    338 ;	../main.c:39: IAP_ADRL = (uint8_t) RUNTIME_DATA_FLASH_SAVE_PAGE;
      00000D 75 E5 C0         [24]  339 	mov	_IAP_ADRL,#0xc0
                                    340 ;	../main.c:40: save_load_settings(SLOT_0, LOAD);
      000010 75*00 00         [24]  341 	mov	_save_load_settings_PARM_2,#0x00
      000013 75 82 00         [24]  342 	mov	dpl,#0x00
      000016 12r00r00         [24]  343 	lcall	_save_load_settings
                                    344 ;	../main.c:43: P1_OPT = ADC0E | ADC3E; //enable adc input
      000019 75 D9 09         [24]  345 	mov	_P1_OPT,#0x09
                                    346 ;	../main.c:46: P3_4 = 1; //turn fogger off
                                    347 ;	assignBit
      00001C D2 B4            [12]  348 	setb	_P3_4
                                    349 ;	../main.c:47: P3_3 = 1;
                                    350 ;	assignBit
      00001E D2 B3            [12]  351 	setb	_P3_3
                                    352 ;	../main.c:48: power_heater(HEATER_DISABLE);
      000020 75 82 01         [24]  353 	mov	dpl,#0x01
      000023 12r00r00         [24]  354 	lcall	_power_heater
                                    355 ;	../main.c:51: tick_fogger();
      000026 12r00r00         [24]  356 	lcall	_tick_fogger
                                    357 ;	../main.c:55: SCK = 0;
                                    358 ;	assignBit
      000029 C2 93            [12]  359 	clr	_SCK
                                    360 ;	../main.c:56: SER = 0;
                                    361 ;	assignBit
      00002B C2 95            [12]  362 	clr	_SER
                                    363 ;	../main.c:57: RCK = 0;
                                    364 ;	assignBit
      00002D C2 92            [12]  365 	clr	_RCK
                                    366 ;	../main.c:59: exe_command(FUNCTION_SET);
      00002F 90 3C 00         [24]  367 	mov	dptr,#0x3c00
      000032 12r00r00         [24]  368 	lcall	_exe_command
                                    369 ;	../main.c:60: exe_command(ENTRY_MODE_SET);
      000035 90 1E 00         [24]  370 	mov	dptr,#0x1e00
      000038 12r00r00         [24]  371 	lcall	_exe_command
                                    372 ;	../main.c:61: exe_command(CLEAR_DISPLAY);
      00003B 90 80 00         [24]  373 	mov	dptr,#0x8000
      00003E 12r00r00         [24]  374 	lcall	_exe_command
                                    375 ;	../main.c:62: exe_command(DISPLAY_ON);
      000041 90 30 00         [24]  376 	mov	dptr,#0x3000
      000044 12r00r00         [24]  377 	lcall	_exe_command
                                    378 ;	../main.c:65: exe_command(CGRAM_ADDRESS_SET); //selector
      000047 90 02 00         [24]  379 	mov	dptr,#0x0200
      00004A 12r00r00         [24]  380 	lcall	_exe_command
                                    381 ;	../main.c:68: exe_command(0x8880);
      00004D 90 88 80         [24]  382 	mov	dptr,#0x8880
      000050 12r00r00         [24]  383 	lcall	_exe_command
                                    384 ;	../main.c:69: exe_command(0xF880);
      000053 90 F8 80         [24]  385 	mov	dptr,#0xf880
      000056 12r00r00         [24]  386 	lcall	_exe_command
                                    387 ;	../main.c:70: exe_command(0x0080);
      000059 90 00 80         [24]  388 	mov	dptr,#0x0080
      00005C 12r00r00         [24]  389 	lcall	_exe_command
                                    390 ;	../main.c:71: exe_command(0xF880);
      00005F 90 F8 80         [24]  391 	mov	dptr,#0xf880
      000062 12r00r00         [24]  392 	lcall	_exe_command
                                    393 ;	../main.c:72: exe_command(0xA080);
      000065 90 A0 80         [24]  394 	mov	dptr,#0xa080
      000068 12r00r00         [24]  395 	lcall	_exe_command
                                    396 ;	../main.c:73: exe_command(0x0080);
      00006B 90 00 80         [24]  397 	mov	dptr,#0x0080
      00006E 12r00r00         [24]  398 	lcall	_exe_command
                                    399 ;	../main.c:74: exe_command(0xF880);
      000071 90 F8 80         [24]  400 	mov	dptr,#0xf880
      000074 12r00r00         [24]  401 	lcall	_exe_command
                                    402 ;	../main.c:75: exe_command(0xA080);
      000077 90 A0 80         [24]  403 	mov	dptr,#0xa080
      00007A 12r00r00         [24]  404 	lcall	_exe_command
                                    405 ;	../main.c:78: exe_command(0x0080);
      00007D 90 00 80         [24]  406 	mov	dptr,#0x0080
      000080 12r00r00         [24]  407 	lcall	_exe_command
                                    408 ;	../main.c:79: exe_command(0x1080);
      000083 90 10 80         [24]  409 	mov	dptr,#0x1080
      000086 12r00r00         [24]  410 	lcall	_exe_command
                                    411 ;	../main.c:80: exe_command(0x3080);
      000089 90 30 80         [24]  412 	mov	dptr,#0x3080
      00008C 12r00r00         [24]  413 	lcall	_exe_command
                                    414 ;	../main.c:81: exe_command(0x7080);
      00008F 90 70 80         [24]  415 	mov	dptr,#0x7080
      000092 12r00r00         [24]  416 	lcall	_exe_command
                                    417 ;	../main.c:82: exe_command(0x3080);
      000095 90 30 80         [24]  418 	mov	dptr,#0x3080
      000098 12r00r00         [24]  419 	lcall	_exe_command
                                    420 ;	../main.c:83: exe_command(0x1080);
      00009B 90 10 80         [24]  421 	mov	dptr,#0x1080
      00009E 12r00r00         [24]  422 	lcall	_exe_command
                                    423 ;	../main.c:84: exe_command(0x0080);
      0000A1 90 00 80         [24]  424 	mov	dptr,#0x0080
      0000A4 12r00r00         [24]  425 	lcall	_exe_command
                                    426 ;	../main.c:85: exe_command(0xF880);
      0000A7 90 F8 80         [24]  427 	mov	dptr,#0xf880
      0000AA 12r00r00         [24]  428 	lcall	_exe_command
                                    429 ;	../main.c:88: exe_command(0x0080);
      0000AD 90 00 80         [24]  430 	mov	dptr,#0x0080
      0000B0 12r00r00         [24]  431 	lcall	_exe_command
                                    432 ;	../main.c:89: exe_command(0x0080);
      0000B3 90 00 80         [24]  433 	mov	dptr,#0x0080
      0000B6 12r00r00         [24]  434 	lcall	_exe_command
                                    435 ;	../main.c:90: exe_command(0x0080);
      0000B9 90 00 80         [24]  436 	mov	dptr,#0x0080
      0000BC 12r00r00         [24]  437 	lcall	_exe_command
                                    438 ;	../main.c:91: exe_command(0x0080);
      0000BF 90 00 80         [24]  439 	mov	dptr,#0x0080
      0000C2 12r00r00         [24]  440 	lcall	_exe_command
                                    441 ;	../main.c:92: exe_command(0x0080);
      0000C5 90 00 80         [24]  442 	mov	dptr,#0x0080
      0000C8 12r00r00         [24]  443 	lcall	_exe_command
                                    444 ;	../main.c:93: exe_command(0x0080);
      0000CB 90 00 80         [24]  445 	mov	dptr,#0x0080
      0000CE 12r00r00         [24]  446 	lcall	_exe_command
                                    447 ;	../main.c:94: exe_command(0xF880);
      0000D1 90 F8 80         [24]  448 	mov	dptr,#0xf880
      0000D4 12r00r00         [24]  449 	lcall	_exe_command
                                    450 ;	../main.c:95: exe_command(0xF880);
      0000D7 90 F8 80         [24]  451 	mov	dptr,#0xf880
      0000DA 12r00r00         [24]  452 	lcall	_exe_command
                                    453 ;	../main.c:98: exe_command(0x0080);
      0000DD 90 00 80         [24]  454 	mov	dptr,#0x0080
      0000E0 12r00r00         [24]  455 	lcall	_exe_command
                                    456 ;	../main.c:99: exe_command(0x0080);
      0000E3 90 00 80         [24]  457 	mov	dptr,#0x0080
      0000E6 12r00r00         [24]  458 	lcall	_exe_command
                                    459 ;	../main.c:100: exe_command(0x0080);
      0000E9 90 00 80         [24]  460 	mov	dptr,#0x0080
      0000EC 12r00r00         [24]  461 	lcall	_exe_command
                                    462 ;	../main.c:101: exe_command(0x0080);
      0000EF 90 00 80         [24]  463 	mov	dptr,#0x0080
      0000F2 12r00r00         [24]  464 	lcall	_exe_command
                                    465 ;	../main.c:102: exe_command(0xF880);
      0000F5 90 F8 80         [24]  466 	mov	dptr,#0xf880
      0000F8 12r00r00         [24]  467 	lcall	_exe_command
                                    468 ;	../main.c:103: exe_command(0xF880);
      0000FB 90 F8 80         [24]  469 	mov	dptr,#0xf880
      0000FE 12r00r00         [24]  470 	lcall	_exe_command
                                    471 ;	../main.c:104: exe_command(0xF880);
      000101 90 F8 80         [24]  472 	mov	dptr,#0xf880
      000104 12r00r00         [24]  473 	lcall	_exe_command
                                    474 ;	../main.c:105: exe_command(0xF880);
      000107 90 F8 80         [24]  475 	mov	dptr,#0xf880
      00010A 12r00r00         [24]  476 	lcall	_exe_command
                                    477 ;	../main.c:108: exe_command(0x0080);
      00010D 90 00 80         [24]  478 	mov	dptr,#0x0080
      000110 12r00r00         [24]  479 	lcall	_exe_command
                                    480 ;	../main.c:109: exe_command(0xF880);
      000113 90 F8 80         [24]  481 	mov	dptr,#0xf880
      000116 12r00r00         [24]  482 	lcall	_exe_command
                                    483 ;	../main.c:110: exe_command(0xF880);
      000119 90 F8 80         [24]  484 	mov	dptr,#0xf880
      00011C 12r00r00         [24]  485 	lcall	_exe_command
                                    486 ;	../main.c:111: exe_command(0xF880);
      00011F 90 F8 80         [24]  487 	mov	dptr,#0xf880
      000122 12r00r00         [24]  488 	lcall	_exe_command
                                    489 ;	../main.c:112: exe_command(0xF880);
      000125 90 F8 80         [24]  490 	mov	dptr,#0xf880
      000128 12r00r00         [24]  491 	lcall	_exe_command
                                    492 ;	../main.c:113: exe_command(0xF880);
      00012B 90 F8 80         [24]  493 	mov	dptr,#0xf880
      00012E 12r00r00         [24]  494 	lcall	_exe_command
                                    495 ;	../main.c:114: exe_command(0xF880);
      000131 90 F8 80         [24]  496 	mov	dptr,#0xf880
      000134 12r00r00         [24]  497 	lcall	_exe_command
                                    498 ;	../main.c:115: exe_command(0xF880);
      000137 90 F8 80         [24]  499 	mov	dptr,#0xf880
      00013A 12r00r00         [24]  500 	lcall	_exe_command
                                    501 ;	../main.c:118: exe_command(0x2080);
      00013D 90 20 80         [24]  502 	mov	dptr,#0x2080
      000140 12r00r00         [24]  503 	lcall	_exe_command
                                    504 ;	../main.c:119: exe_command(0x7080);
      000143 90 70 80         [24]  505 	mov	dptr,#0x7080
      000146 12r00r00         [24]  506 	lcall	_exe_command
                                    507 ;	../main.c:120: exe_command(0x0080);
      000149 90 00 80         [24]  508 	mov	dptr,#0x0080
      00014C 12r00r00         [24]  509 	lcall	_exe_command
                                    510 ;	../main.c:121: exe_command(0x5080);
      00014F 90 50 80         [24]  511 	mov	dptr,#0x5080
      000152 12r00r00         [24]  512 	lcall	_exe_command
                                    513 ;	../main.c:122: exe_command(0x7080);
      000155 90 70 80         [24]  514 	mov	dptr,#0x7080
      000158 12r00r00         [24]  515 	lcall	_exe_command
                                    516 ;	../main.c:123: exe_command(0x5080);
      00015B 90 50 80         [24]  517 	mov	dptr,#0x5080
      00015E 12r00r00         [24]  518 	lcall	_exe_command
                                    519 ;	../main.c:124: exe_command(0x0080);
      000161 90 00 80         [24]  520 	mov	dptr,#0x0080
      000164 12r00r00         [24]  521 	lcall	_exe_command
                                    522 ;	../main.c:125: exe_command(0xF880);
      000167 90 F8 80         [24]  523 	mov	dptr,#0xf880
      00016A 12r00r00         [24]  524 	lcall	_exe_command
                                    525 ;	../main.c:128: exe_command(0xF880);
      00016D 90 F8 80         [24]  526 	mov	dptr,#0xf880
      000170 12r00r00         [24]  527 	lcall	_exe_command
                                    528 ;	../main.c:129: exe_command(0x0080);
      000173 90 00 80         [24]  529 	mov	dptr,#0x0080
      000176 12r00r00         [24]  530 	lcall	_exe_command
                                    531 ;	../main.c:130: exe_command(0x0080);
      000179 90 00 80         [24]  532 	mov	dptr,#0x0080
      00017C 12r00r00         [24]  533 	lcall	_exe_command
                                    534 ;	../main.c:131: exe_command(0x5080);
      00017F 90 50 80         [24]  535 	mov	dptr,#0x5080
      000182 12r00r00         [24]  536 	lcall	_exe_command
                                    537 ;	../main.c:132: exe_command(0x7080);
      000185 90 70 80         [24]  538 	mov	dptr,#0x7080
      000188 12r00r00         [24]  539 	lcall	_exe_command
                                    540 ;	../main.c:133: exe_command(0x5080);
      00018B 90 50 80         [24]  541 	mov	dptr,#0x5080
      00018E 12r00r00         [24]  542 	lcall	_exe_command
                                    543 ;	../main.c:134: exe_command(0x0080);
      000191 90 00 80         [24]  544 	mov	dptr,#0x0080
      000194 12r00r00         [24]  545 	lcall	_exe_command
                                    546 ;	../main.c:135: exe_command(0x0080);
      000197 90 00 80         [24]  547 	mov	dptr,#0x0080
      00019A 12r00r00         [24]  548 	lcall	_exe_command
                                    549 ;	../main.c:138: exe_command(0x0080);
      00019D 90 00 80         [24]  550 	mov	dptr,#0x0080
      0001A0 12r00r00         [24]  551 	lcall	_exe_command
                                    552 ;	../main.c:139: exe_command(0xC080);
      0001A3 90 C0 80         [24]  553 	mov	dptr,#0xc080
      0001A6 12r00r00         [24]  554 	lcall	_exe_command
                                    555 ;	../main.c:140: exe_command(0xD880);
      0001A9 90 D8 80         [24]  556 	mov	dptr,#0xd880
      0001AC 12r00r00         [24]  557 	lcall	_exe_command
                                    558 ;	../main.c:141: exe_command(0x0080);
      0001AF 90 00 80         [24]  559 	mov	dptr,#0x0080
      0001B2 12r00r00         [24]  560 	lcall	_exe_command
                                    561 ;	../main.c:142: exe_command(0x0080);
      0001B5 90 00 80         [24]  562 	mov	dptr,#0x0080
      0001B8 12r00r00         [24]  563 	lcall	_exe_command
                                    564 ;	../main.c:143: exe_command(0x8880); 
      0001BB 90 88 80         [24]  565 	mov	dptr,#0x8880
      0001BE 12r00r00         [24]  566 	lcall	_exe_command
                                    567 ;	../main.c:144: exe_command(0x7080);
      0001C1 90 70 80         [24]  568 	mov	dptr,#0x7080
      0001C4 12r00r00         [24]  569 	lcall	_exe_command
                                    570 ;	../main.c:145: exe_command(0x0080);
      0001C7 90 00 80         [24]  571 	mov	dptr,#0x0080
      0001CA 12r00r00         [24]  572 	lcall	_exe_command
                                    573 ;	../main.c:151: tick_ui();
      0001CD 12r00r00         [24]  574 	lcall	_tick_ui
                                    575 ;	../main.c:154: CKCON |= 0x08; //timer0
      0001D0 AE 8E            [24]  576 	mov	r6,_CKCON
      0001D2 43 06 08         [24]  577 	orl	ar6,#0x08
      0001D5 8E 8E            [24]  578 	mov	_CKCON,r6
                                    579 ;	../main.c:155: TMOD = 0x00; //timer0 
      0001D7 75 89 00         [24]  580 	mov	_TMOD,#0x00
                                    581 ;	../main.c:156: ET0 = 1; //timer0
                                    582 ;	assignBit
      0001DA D2 A9            [12]  583 	setb	_ET0
                                    584 ;	../main.c:159: blackout();
      0001DC 12r00r00         [24]  585 	lcall	_blackout
                                    586 ;	../main.c:160: PWM_EA1 = 0x48;
      0001DF 75 D3 48         [24]  587 	mov	_PWM_EA1,#0x48
                                    588 ;	../main.c:161: PWM_EA2 = 0x02;
      0001E2 75 D4 02         [24]  589 	mov	_PWM_EA2,#0x02
                                    590 ;	../main.c:164: while(tick--){}
      0001E5 7C DD            [12]  591 	mov	r4,#0xdd
      0001E7 7D 8A            [12]  592 	mov	r5,#0x8a
      0001E9 7E 14            [12]  593 	mov	r6,#0x14
      0001EB 7F 00            [12]  594 	mov	r7,#0x00
      0001ED                        595 00101$:
      0001ED 8C 00            [24]  596 	mov	ar0,r4
      0001EF 8D 01            [24]  597 	mov	ar1,r5
      0001F1 8E 02            [24]  598 	mov	ar2,r6
      0001F3 8F 03            [24]  599 	mov	ar3,r7
      0001F5 1C               [12]  600 	dec	r4
      0001F6 BC FF 09         [24]  601 	cjne	r4,#0xff,00140$
      0001F9 1D               [12]  602 	dec	r5
      0001FA BD FF 05         [24]  603 	cjne	r5,#0xff,00140$
      0001FD 1E               [12]  604 	dec	r6
      0001FE BE FF 01         [24]  605 	cjne	r6,#0xff,00140$
      000201 1F               [12]  606 	dec	r7
      000202                        607 00140$:
      000202 E8               [12]  608 	mov	a,r0
      000203 49               [12]  609 	orl	a,r1
      000204 4A               [12]  610 	orl	a,r2
      000205 4B               [12]  611 	orl	a,r3
      000206 70 E5            [24]  612 	jnz	00101$
                                    613 ;	../main.c:168: SM0 = 1;
                                    614 ;	assignBit
      000208 D2 9F            [12]  615 	setb	_SM0
                                    616 ;	../main.c:169: SM1 = 1;
                                    617 ;	assignBit
      00020A D2 9E            [12]  618 	setb	_SM1
                                    619 ;	../main.c:170: SM2 = 1;
                                    620 ;	assignBit
      00020C D2 9D            [12]  621 	setb	_SM2
                                    622 ;	../main.c:171: REN = 1;
                                    623 ;	assignBit
      00020E D2 9C            [12]  624 	setb	_REN
                                    625 ;	../main.c:174: RCAP2L = BAUD_TIMER_LOW;
      000210 75 CA FD         [24]  626 	mov	_RCAP2L,#0xfd
                                    627 ;	../main.c:175: RCAP2H = BAUD_TIMER_HIGH;
      000213 75 CB FF         [24]  628 	mov	_RCAP2H,#0xff
                                    629 ;	../main.c:176: RCLK = 1;
                                    630 ;	assignBit
      000216 D2 CD            [12]  631 	setb	_RCLK
                                    632 ;	../main.c:177: TCLK = 1;
                                    633 ;	assignBit
      000218 D2 CC            [12]  634 	setb	_TCLK
                                    635 ;	../main.c:178: EXEN2 = 0; 
                                    636 ;	assignBit
      00021A C2 CB            [12]  637 	clr	_EXEN2
                                    638 ;	../main.c:179: TR2 = 1;
                                    639 ;	assignBit
      00021C D2 CA            [12]  640 	setb	_TR2
                                    641 ;	../main.c:180: CT2 = 0; 
                                    642 ;	assignBit
      00021E C2 C9            [12]  643 	clr	_CT2
                                    644 ;	../main.c:181: CPRL2 = 0;
                                    645 ;	assignBit
      000220 C2 C8            [12]  646 	clr	_CPRL2
                                    647 ;	../main.c:184: TH3 = BREAK_TIMER_RELOAD_HIGH;
      000222 75 9B FC         [24]  648 	mov	_TH3,#0xfc
                                    649 ;	../main.c:185: TL3 = BREAK_TIMER_RELOAD_LOW;
      000225 75 9A D0         [24]  650 	mov	_TL3,#0xd0
                                    651 ;	../main.c:188: EIE |= EIE_Timer3;
      000228 AA E8            [24]  652 	mov	r2,_EIE
      00022A 43 02 01         [24]  653 	orl	ar2,#0x01
      00022D 8A E8            [24]  654 	mov	_EIE,r2
                                    655 ;	../main.c:189: ES = 1;
                                    656 ;	assignBit
      00022F D2 AC            [12]  657 	setb	_ES
                                    658 ;	../main.c:194: P2_3 = 0;
                                    659 ;	assignBit
      000231 C2 A3            [12]  660 	clr	_P2_3
                                    661 ;	../main.c:197: power_heater(HEATER_ENABLE);
      000233 75 82 00         [24]  662 	mov	dpl,#0x00
      000236 C0 07            [24]  663 	push	ar7
      000238 C0 06            [24]  664 	push	ar6
      00023A C0 05            [24]  665 	push	ar5
      00023C C0 04            [24]  666 	push	ar4
      00023E 12r00r00         [24]  667 	lcall	_power_heater
      000241 D0 04            [24]  668 	pop	ar4
      000243 D0 05            [24]  669 	pop	ar5
      000245 D0 06            [24]  670 	pop	ar6
      000247 D0 07            [24]  671 	pop	ar7
                                    672 ;	../main.c:200: while(1){
      000249                        673 00111$:
                                    674 ;	../main.c:202: if(!(tick % FOGGER_FREQ)) { tick_fogger(); }
      000249 75*00 90         [24]  675 	mov	__modulong_PARM_2,#0x90
      00024C E4               [12]  676 	clr	a
      00024D F5*01            [12]  677 	mov	(__modulong_PARM_2 + 1),a
      00024F F5*02            [12]  678 	mov	(__modulong_PARM_2 + 2),a
      000251 F5*03            [12]  679 	mov	(__modulong_PARM_2 + 3),a
      000253 8C 82            [24]  680 	mov	dpl,r4
      000255 8D 83            [24]  681 	mov	dph,r5
      000257 8E F0            [24]  682 	mov	b,r6
      000259 EF               [12]  683 	mov	a,r7
      00025A C0 07            [24]  684 	push	ar7
      00025C C0 06            [24]  685 	push	ar6
      00025E C0 05            [24]  686 	push	ar5
      000260 C0 04            [24]  687 	push	ar4
      000262 12r00r00         [24]  688 	lcall	__modulong
      000265 A8 82            [24]  689 	mov	r0,dpl
      000267 A9 83            [24]  690 	mov	r1,dph
      000269 AA F0            [24]  691 	mov	r2,b
      00026B FB               [12]  692 	mov	r3,a
      00026C D0 04            [24]  693 	pop	ar4
      00026E D0 05            [24]  694 	pop	ar5
      000270 D0 06            [24]  695 	pop	ar6
      000272 D0 07            [24]  696 	pop	ar7
      000274 E8               [12]  697 	mov	a,r0
      000275 49               [12]  698 	orl	a,r1
      000276 4A               [12]  699 	orl	a,r2
      000277 4B               [12]  700 	orl	a,r3
      000278 70 13            [24]  701 	jnz	00105$
      00027A C0 07            [24]  702 	push	ar7
      00027C C0 06            [24]  703 	push	ar6
      00027E C0 05            [24]  704 	push	ar5
      000280 C0 04            [24]  705 	push	ar4
      000282 12r00r00         [24]  706 	lcall	_tick_fogger
      000285 D0 04            [24]  707 	pop	ar4
      000287 D0 05            [24]  708 	pop	ar5
      000289 D0 06            [24]  709 	pop	ar6
      00028B D0 07            [24]  710 	pop	ar7
      00028D                        711 00105$:
                                    712 ;	../main.c:204: if(!(tick % WIRELESS_FREQ)) { tick_wireless(); }
      00028D 75*00 59         [24]  713 	mov	__modulong_PARM_2,#0x59
      000290 E4               [12]  714 	clr	a
      000291 F5*01            [12]  715 	mov	(__modulong_PARM_2 + 1),a
      000293 F5*02            [12]  716 	mov	(__modulong_PARM_2 + 2),a
      000295 F5*03            [12]  717 	mov	(__modulong_PARM_2 + 3),a
      000297 8C 82            [24]  718 	mov	dpl,r4
      000299 8D 83            [24]  719 	mov	dph,r5
      00029B 8E F0            [24]  720 	mov	b,r6
      00029D EF               [12]  721 	mov	a,r7
      00029E C0 07            [24]  722 	push	ar7
      0002A0 C0 06            [24]  723 	push	ar6
      0002A2 C0 05            [24]  724 	push	ar5
      0002A4 C0 04            [24]  725 	push	ar4
      0002A6 12r00r00         [24]  726 	lcall	__modulong
      0002A9 A8 82            [24]  727 	mov	r0,dpl
      0002AB A9 83            [24]  728 	mov	r1,dph
      0002AD AA F0            [24]  729 	mov	r2,b
      0002AF FB               [12]  730 	mov	r3,a
      0002B0 D0 04            [24]  731 	pop	ar4
      0002B2 D0 05            [24]  732 	pop	ar5
      0002B4 D0 06            [24]  733 	pop	ar6
      0002B6 D0 07            [24]  734 	pop	ar7
      0002B8 E8               [12]  735 	mov	a,r0
      0002B9 49               [12]  736 	orl	a,r1
      0002BA 4A               [12]  737 	orl	a,r2
      0002BB 4B               [12]  738 	orl	a,r3
      0002BC 70 13            [24]  739 	jnz	00107$
      0002BE C0 07            [24]  740 	push	ar7
      0002C0 C0 06            [24]  741 	push	ar6
      0002C2 C0 05            [24]  742 	push	ar5
      0002C4 C0 04            [24]  743 	push	ar4
      0002C6 12r00r00         [24]  744 	lcall	_tick_wireless
      0002C9 D0 04            [24]  745 	pop	ar4
      0002CB D0 05            [24]  746 	pop	ar5
      0002CD D0 06            [24]  747 	pop	ar6
      0002CF D0 07            [24]  748 	pop	ar7
      0002D1                        749 00107$:
                                    750 ;	../main.c:206: if(!(tick % UI_FREQ)) { tick_ui(); }
      0002D1 75*00 03         [24]  751 	mov	__modulong_PARM_2,#0x03
      0002D4 E4               [12]  752 	clr	a
      0002D5 F5*01            [12]  753 	mov	(__modulong_PARM_2 + 1),a
      0002D7 F5*02            [12]  754 	mov	(__modulong_PARM_2 + 2),a
      0002D9 F5*03            [12]  755 	mov	(__modulong_PARM_2 + 3),a
      0002DB 8C 82            [24]  756 	mov	dpl,r4
      0002DD 8D 83            [24]  757 	mov	dph,r5
      0002DF 8E F0            [24]  758 	mov	b,r6
      0002E1 EF               [12]  759 	mov	a,r7
      0002E2 C0 07            [24]  760 	push	ar7
      0002E4 C0 06            [24]  761 	push	ar6
      0002E6 C0 05            [24]  762 	push	ar5
      0002E8 C0 04            [24]  763 	push	ar4
      0002EA 12r00r00         [24]  764 	lcall	__modulong
      0002ED A8 82            [24]  765 	mov	r0,dpl
      0002EF A9 83            [24]  766 	mov	r1,dph
      0002F1 AA F0            [24]  767 	mov	r2,b
      0002F3 FB               [12]  768 	mov	r3,a
      0002F4 D0 04            [24]  769 	pop	ar4
      0002F6 D0 05            [24]  770 	pop	ar5
      0002F8 D0 06            [24]  771 	pop	ar6
      0002FA D0 07            [24]  772 	pop	ar7
      0002FC E8               [12]  773 	mov	a,r0
      0002FD 49               [12]  774 	orl	a,r1
      0002FE 4A               [12]  775 	orl	a,r2
      0002FF 4B               [12]  776 	orl	a,r3
      000300 70 13            [24]  777 	jnz	00109$
      000302 C0 07            [24]  778 	push	ar7
      000304 C0 06            [24]  779 	push	ar6
      000306 C0 05            [24]  780 	push	ar5
      000308 C0 04            [24]  781 	push	ar4
      00030A 12r00r00         [24]  782 	lcall	_tick_ui
      00030D D0 04            [24]  783 	pop	ar4
      00030F D0 05            [24]  784 	pop	ar5
      000311 D0 06            [24]  785 	pop	ar6
      000313 D0 07            [24]  786 	pop	ar7
      000315                        787 00109$:
                                    788 ;	../main.c:208: tick_led(tick++);      
      000315 8C 00            [24]  789 	mov	ar0,r4
      000317 8D 01            [24]  790 	mov	ar1,r5
      000319 8E 02            [24]  791 	mov	ar2,r6
      00031B 8F 03            [24]  792 	mov	ar3,r7
      00031D 0C               [12]  793 	inc	r4
      00031E BC 00 09         [24]  794 	cjne	r4,#0x00,00145$
      000321 0D               [12]  795 	inc	r5
      000322 BD 00 05         [24]  796 	cjne	r5,#0x00,00145$
      000325 0E               [12]  797 	inc	r6
      000326 BE 00 01         [24]  798 	cjne	r6,#0x00,00145$
      000329 0F               [12]  799 	inc	r7
      00032A                        800 00145$:
      00032A 88 82            [24]  801 	mov	dpl,r0
      00032C 89 83            [24]  802 	mov	dph,r1
      00032E 8A F0            [24]  803 	mov	b,r2
      000330 EB               [12]  804 	mov	a,r3
      000331 C0 07            [24]  805 	push	ar7
      000333 C0 06            [24]  806 	push	ar6
      000335 C0 05            [24]  807 	push	ar5
      000337 C0 04            [24]  808 	push	ar4
      000339 12r00r00         [24]  809 	lcall	_tick_led
      00033C D0 04            [24]  810 	pop	ar4
      00033E D0 05            [24]  811 	pop	ar5
      000340 D0 06            [24]  812 	pop	ar6
      000342 D0 07            [24]  813 	pop	ar7
                                    814 ;	../main.c:210: }
      000344 02r02r49         [24]  815 	ljmp	00111$
                                    816 	.area CSEG    (CODE)
                                    817 	.area CONST   (CODE)
                                    818 	.area XINIT   (CODE)
                                    819 	.area CABS    (ABS,CODE)
