                                      1 ;--------------------------------------------------------
                                      2 ; File Created by SDCC : free open source ANSI-C Compiler
                                      3 ; Version 3.8.0 #10562 (Linux)
                                      4 ;--------------------------------------------------------
                                      5 	.module wireless
                                      6 	.optsdcc -mmcs51 --model-small
                                      7 	
                                      8 ;--------------------------------------------------------
                                      9 ; Public variables in this module
                                     10 ;--------------------------------------------------------
                                     11 	.globl _power_pump
                                     12 	.globl _set_runtime_data
                                     13 	.globl _get_runtime_data
                                     14 	.globl _CPRL2
                                     15 	.globl _CT2
                                     16 	.globl _TR2
                                     17 	.globl _EXEN2
                                     18 	.globl _TCLK
                                     19 	.globl _RCLK
                                     20 	.globl _REN
                                     21 	.globl _SM2
                                     22 	.globl _SM1
                                     23 	.globl _SM0
                                     24 	.globl _RCK
                                     25 	.globl _SER
                                     26 	.globl _SCK
                                     27 	.globl _RI
                                     28 	.globl _ES
                                     29 	.globl _ET0
                                     30 	.globl _EA
                                     31 	.globl _P3_7
                                     32 	.globl _P3_6
                                     33 	.globl _P3_5
                                     34 	.globl _P3_4
                                     35 	.globl _P3_3
                                     36 	.globl _P3_2
                                     37 	.globl _P3_1
                                     38 	.globl _P3_0
                                     39 	.globl _P2_7
                                     40 	.globl _P2_6
                                     41 	.globl _P2_5
                                     42 	.globl _P2_4
                                     43 	.globl _P2_3
                                     44 	.globl _P2_2
                                     45 	.globl _P2_1
                                     46 	.globl _P2_0
                                     47 	.globl _P1_7
                                     48 	.globl _P1_6
                                     49 	.globl _P1_5
                                     50 	.globl _P1_4
                                     51 	.globl _P1_3
                                     52 	.globl _P1_2
                                     53 	.globl _P1_1
                                     54 	.globl _P1_0
                                     55 	.globl _P0_7
                                     56 	.globl _P0_6
                                     57 	.globl _P0_5
                                     58 	.globl _P0_4
                                     59 	.globl _P0_3
                                     60 	.globl _P0_2
                                     61 	.globl _P0_1
                                     62 	.globl _P0_0
                                     63 	.globl _IAP_ADRH
                                     64 	.globl _IAP_ADRL
                                     65 	.globl _IAPEN
                                     66 	.globl _TH0
                                     67 	.globl _TL0
                                     68 	.globl _CKCON
                                     69 	.globl _TMOD
                                     70 	.globl _TCON
                                     71 	.globl _PWMDATA17L
                                     72 	.globl _PWMDATA17H
                                     73 	.globl _PWMDATA14L
                                     74 	.globl _PWMDATA14H
                                     75 	.globl _PWMDATA11L
                                     76 	.globl _PWMDATA11H
                                     77 	.globl _PWM_EA2
                                     78 	.globl _PWM_EA1
                                     79 	.globl _SBUF
                                     80 	.globl _TL3
                                     81 	.globl _TH3
                                     82 	.globl _T2CON
                                     83 	.globl _RCAP2H
                                     84 	.globl _RCAP2L
                                     85 	.globl _SCON
                                     86 	.globl _P1_OPT
                                     87 	.globl _ADCVAL2
                                     88 	.globl _ADCVAL1
                                     89 	.globl _ADCSEL
                                     90 	.globl _EXIF
                                     91 	.globl _EIE
                                     92 	.globl _IE
                                     93 	.globl _P3
                                     94 	.globl _P2
                                     95 	.globl _P1
                                     96 	.globl _P0
                                     97 	.globl _PCLKSEL
                                     98 	.globl _CHIPCON
                                     99 	.globl _wirelessBreakDetectISR
                                    100 	.globl _tick_wireless
                                    101 	.globl _handleUserConfigAction
                                    102 	.globl _getWirelessAction
                                    103 	.globl _detectDitDah
                                    104 ;--------------------------------------------------------
                                    105 ; special function registers
                                    106 ;--------------------------------------------------------
                                    107 	.area RSEG    (ABS,DATA)
      000000                        108 	.org 0x0000
                           0000BF   109 _CHIPCON	=	0x00bf
                           0000B7   110 _PCLKSEL	=	0x00b7
                           000080   111 _P0	=	0x0080
                           000090   112 _P1	=	0x0090
                           0000A0   113 _P2	=	0x00a0
                           0000B0   114 _P3	=	0x00b0
                           0000A8   115 _IE	=	0x00a8
                           0000E8   116 _EIE	=	0x00e8
                           000091   117 _EXIF	=	0x0091
                           0000DA   118 _ADCSEL	=	0x00da
                           0000DB   119 _ADCVAL1	=	0x00db
                           0000DC   120 _ADCVAL2	=	0x00dc
                           0000D9   121 _P1_OPT	=	0x00d9
                           000098   122 _SCON	=	0x0098
                           0000CA   123 _RCAP2L	=	0x00ca
                           0000CB   124 _RCAP2H	=	0x00cb
                           0000C8   125 _T2CON	=	0x00c8
                           00009B   126 _TH3	=	0x009b
                           00009A   127 _TL3	=	0x009a
                           000099   128 _SBUF	=	0x0099
                           0000D3   129 _PWM_EA1	=	0x00d3
                           0000D4   130 _PWM_EA2	=	0x00d4
                           0000BD   131 _PWMDATA11H	=	0x00bd
                           0000BE   132 _PWMDATA11L	=	0x00be
                           0000B5   133 _PWMDATA14H	=	0x00b5
                           0000B6   134 _PWMDATA14L	=	0x00b6
                           0000AD   135 _PWMDATA17H	=	0x00ad
                           0000AE   136 _PWMDATA17L	=	0x00ae
                           000088   137 _TCON	=	0x0088
                           000089   138 _TMOD	=	0x0089
                           00008E   139 _CKCON	=	0x008e
                           00008A   140 _TL0	=	0x008a
                           00008C   141 _TH0	=	0x008c
                           0000E4   142 _IAPEN	=	0x00e4
                           0000E5   143 _IAP_ADRL	=	0x00e5
                           0000E6   144 _IAP_ADRH	=	0x00e6
                                    145 ;--------------------------------------------------------
                                    146 ; special function bits
                                    147 ;--------------------------------------------------------
                                    148 	.area RSEG    (ABS,DATA)
      000000                        149 	.org 0x0000
                           000080   150 _P0_0	=	0x0080
                           000081   151 _P0_1	=	0x0081
                           000082   152 _P0_2	=	0x0082
                           000083   153 _P0_3	=	0x0083
                           000084   154 _P0_4	=	0x0084
                           000085   155 _P0_5	=	0x0085
                           000086   156 _P0_6	=	0x0086
                           000087   157 _P0_7	=	0x0087
                           000090   158 _P1_0	=	0x0090
                           000091   159 _P1_1	=	0x0091
                           000092   160 _P1_2	=	0x0092
                           000093   161 _P1_3	=	0x0093
                           000094   162 _P1_4	=	0x0094
                           000095   163 _P1_5	=	0x0095
                           000096   164 _P1_6	=	0x0096
                           000097   165 _P1_7	=	0x0097
                           0000A0   166 _P2_0	=	0x00a0
                           0000A1   167 _P2_1	=	0x00a1
                           0000A2   168 _P2_2	=	0x00a2
                           0000A3   169 _P2_3	=	0x00a3
                           0000A4   170 _P2_4	=	0x00a4
                           0000A5   171 _P2_5	=	0x00a5
                           0000A6   172 _P2_6	=	0x00a6
                           0000A7   173 _P2_7	=	0x00a7
                           0000B0   174 _P3_0	=	0x00b0
                           0000B1   175 _P3_1	=	0x00b1
                           0000B2   176 _P3_2	=	0x00b2
                           0000B3   177 _P3_3	=	0x00b3
                           0000B4   178 _P3_4	=	0x00b4
                           0000B5   179 _P3_5	=	0x00b5
                           0000B6   180 _P3_6	=	0x00b6
                           0000B7   181 _P3_7	=	0x00b7
                           0000AF   182 _EA	=	0x00af
                           0000A9   183 _ET0	=	0x00a9
                           0000AC   184 _ES	=	0x00ac
                           000098   185 _RI	=	0x0098
                           000093   186 _SCK	=	0x0093
                           000095   187 _SER	=	0x0095
                           000092   188 _RCK	=	0x0092
                           00009F   189 _SM0	=	0x009f
                           00009E   190 _SM1	=	0x009e
                           00009D   191 _SM2	=	0x009d
                           00009C   192 _REN	=	0x009c
                           0000CD   193 _RCLK	=	0x00cd
                           0000CC   194 _TCLK	=	0x00cc
                           0000CB   195 _EXEN2	=	0x00cb
                           0000CA   196 _TR2	=	0x00ca
                           0000C9   197 _CT2	=	0x00c9
                           0000C8   198 _CPRL2	=	0x00c8
                                    199 ;--------------------------------------------------------
                                    200 ; overlayable register banks
                                    201 ;--------------------------------------------------------
                                    202 	.area REG_BANK_0	(REL,OVR,DATA)
      000000                        203 	.ds 8
                                    204 ;--------------------------------------------------------
                                    205 ; overlayable bit register bank
                                    206 ;--------------------------------------------------------
                                    207 	.area BIT_BANK	(REL,OVR,DATA)
      000000                        208 bits:
      000000                        209 	.ds 1
                           008000   210 	b0 = bits[0]
                           008100   211 	b1 = bits[1]
                           008200   212 	b2 = bits[2]
                           008300   213 	b3 = bits[3]
                           008400   214 	b4 = bits[4]
                           008500   215 	b5 = bits[5]
                           008600   216 	b6 = bits[6]
                           008700   217 	b7 = bits[7]
                                    218 ;--------------------------------------------------------
                                    219 ; internal ram data
                                    220 ;--------------------------------------------------------
                                    221 	.area DSEG    (DATA)
      000000                        222 _Break_Count:
      000000                        223 	.ds 1
      000001                        224 _Current_Action:
      000001                        225 	.ds 1
      000002                        226 _tick_wireless_lastAction_65536_45:
      000002                        227 	.ds 1
      000003                        228 _handleUserConfigAction_changed_65536_53:
      000003                        229 	.ds 2
                                    230 ;--------------------------------------------------------
                                    231 ; overlayable items in internal ram 
                                    232 ;--------------------------------------------------------
                                    233 ;--------------------------------------------------------
                                    234 ; indirectly addressable internal ram data
                                    235 ;--------------------------------------------------------
                                    236 	.area ISEG    (DATA)
                                    237 ;--------------------------------------------------------
                                    238 ; absolute internal ram data
                                    239 ;--------------------------------------------------------
                                    240 	.area IABS    (ABS,DATA)
                                    241 	.area IABS    (ABS,DATA)
                                    242 ;--------------------------------------------------------
                                    243 ; bit data
                                    244 ;--------------------------------------------------------
                                    245 	.area BSEG    (BIT)
                                    246 ;--------------------------------------------------------
                                    247 ; paged external ram data
                                    248 ;--------------------------------------------------------
                                    249 	.area PSEG    (PAG,XDATA)
                                    250 ;--------------------------------------------------------
                                    251 ; external ram data
                                    252 ;--------------------------------------------------------
                                    253 	.area XSEG    (XDATA)
                                    254 ;--------------------------------------------------------
                                    255 ; absolute external ram data
                                    256 ;--------------------------------------------------------
                                    257 	.area XABS    (ABS,XDATA)
                                    258 ;--------------------------------------------------------
                                    259 ; external initialized ram data
                                    260 ;--------------------------------------------------------
                                    261 	.area XISEG   (XDATA)
                                    262 	.area HOME    (CODE)
                                    263 	.area GSINIT0 (CODE)
                                    264 	.area GSINIT1 (CODE)
                                    265 	.area GSINIT2 (CODE)
                                    266 	.area GSINIT3 (CODE)
                                    267 	.area GSINIT4 (CODE)
                                    268 	.area GSINIT5 (CODE)
                                    269 	.area GSINIT  (CODE)
                                    270 	.area GSFINAL (CODE)
                                    271 	.area CSEG    (CODE)
                                    272 ;--------------------------------------------------------
                                    273 ; global & static initialisations
                                    274 ;--------------------------------------------------------
                                    275 	.area HOME    (CODE)
                                    276 	.area GSINIT  (CODE)
                                    277 	.area GSFINAL (CODE)
                                    278 	.area GSINIT  (CODE)
                                    279 ;------------------------------------------------------------
                                    280 ;Allocation info for local variables in function 'tick_wireless'
                                    281 ;------------------------------------------------------------
                                    282 ;lastAction                Allocated with name '_tick_wireless_lastAction_65536_45'
                                    283 ;------------------------------------------------------------
                                    284 ;	../Wireless_Manager/wireless.c:58: static uint8_t lastAction = WIRELESS_ACTION_NA;
      000000 75*02 00         [24]  285 	mov	_tick_wireless_lastAction_65536_45,#0x00
                                    286 ;------------------------------------------------------------
                                    287 ;Allocation info for local variables in function 'handleUserConfigAction'
                                    288 ;------------------------------------------------------------
                                    289 ;action                    Allocated to registers r7 
                                    290 ;changedBit                Allocated to registers r2 r3 
                                    291 ;off                       Allocated to registers r6 
                                    292 ;red                       Allocated to stack - _bp +1
                                    293 ;green                     Allocated to stack - _bp +2
                                    294 ;blue                      Allocated to stack - _bp +3
                                    295 ;changed                   Allocated with name '_handleUserConfigAction_changed_65536_53'
                                    296 ;------------------------------------------------------------
                                    297 ;	../Wireless_Manager/wireless.c:106: static uint16_t changed = 0;    
      000003 E4               [12]  298 	clr	a
      000004 F5*03            [12]  299 	mov	_handleUserConfigAction_changed_65536_53,a
      000006 F5*04            [12]  300 	mov	(_handleUserConfigAction_changed_65536_53 + 1),a
                                    301 ;	../Wireless_Manager/wireless.c:29: static volatile uint8_t Break_Count = 0;
      000008 75*00 00         [24]  302 	mov	_Break_Count,#0x00
                                    303 ;	../Wireless_Manager/wireless.c:30: static volatile uint8_t Current_Action = WIRELESS_ACTION_NA;
      00000B 75*01 00         [24]  304 	mov	_Current_Action,#0x00
                                    305 ;--------------------------------------------------------
                                    306 ; Home
                                    307 ;--------------------------------------------------------
                                    308 	.area HOME    (CODE)
                                    309 	.area HOME    (CODE)
                                    310 ;--------------------------------------------------------
                                    311 ; code
                                    312 ;--------------------------------------------------------
                                    313 	.area CSEG    (CODE)
                                    314 ;------------------------------------------------------------
                                    315 ;Allocation info for local variables in function 'wirelessBreakDetectISR'
                                    316 ;------------------------------------------------------------
                                    317 ;	../Wireless_Manager/wireless.c:37: void wirelessBreakDetectISR() __interrupt (1){
                                    318 ;	-----------------------------------------
                                    319 ;	 function wirelessBreakDetectISR
                                    320 ;	-----------------------------------------
      000000                        321 _wirelessBreakDetectISR:
                           000007   322 	ar7 = 0x07
                           000006   323 	ar6 = 0x06
                           000005   324 	ar5 = 0x05
                           000004   325 	ar4 = 0x04
                           000003   326 	ar3 = 0x03
                           000002   327 	ar2 = 0x02
                           000001   328 	ar1 = 0x01
                           000000   329 	ar0 = 0x00
      000000 C0*00            [24]  330 	push	bits
      000002 C0 E0            [24]  331 	push	acc
      000004 C0 F0            [24]  332 	push	b
      000006 C0 82            [24]  333 	push	dpl
      000008 C0 83            [24]  334 	push	dph
      00000A C0 07            [24]  335 	push	(0+7)
      00000C C0 06            [24]  336 	push	(0+6)
      00000E C0 05            [24]  337 	push	(0+5)
      000010 C0 04            [24]  338 	push	(0+4)
      000012 C0 03            [24]  339 	push	(0+3)
      000014 C0 02            [24]  340 	push	(0+2)
      000016 C0 01            [24]  341 	push	(0+1)
      000018 C0 00            [24]  342 	push	(0+0)
      00001A C0 D0            [24]  343 	push	psw
      00001C 75 D0 00         [24]  344 	mov	psw,#0x00
                                    345 ;	../Wireless_Manager/wireless.c:40: if(!P3_7){
      00001F 20 B7 14         [24]  346 	jb	_P3_7,00104$
                                    347 ;	../Wireless_Manager/wireless.c:41: if(Break_Count++ > BREAK_COUNT){
      000022 AF*00            [24]  348 	mov	r7,_Break_Count
      000024 05*00            [12]  349 	inc	_Break_Count
      000026 EF               [12]  350 	mov	a,r7
      000027 24 F0            [12]  351 	add	a,#0xff - 0x0f
      000029 50 0E            [24]  352 	jnc	00105$
                                    353 ;	../Wireless_Manager/wireless.c:43: Current_Action = getWirelessAction();
      00002B 12r02rBF         [24]  354 	lcall	_getWirelessAction
      00002E 85 82*01         [24]  355 	mov	_Current_Action,dpl
                                    356 ;	../Wireless_Manager/wireless.c:45: Break_Count = 0;
      000031 75*00 00         [24]  357 	mov	_Break_Count,#0x00
      000034 80 03            [24]  358 	sjmp	00105$
      000036                        359 00104$:
                                    360 ;	../Wireless_Manager/wireless.c:48: Break_Count = 0;
      000036 75*00 00         [24]  361 	mov	_Break_Count,#0x00
      000039                        362 00105$:
                                    363 ;	../Wireless_Manager/wireless.c:52: TH0 = COUNTER_HI;
      000039 75 8C 84         [24]  364 	mov	_TH0,#0x84
                                    365 ;	../Wireless_Manager/wireless.c:53: TL0 = COUNTER_LO;
      00003C 75 8A 5F         [24]  366 	mov	_TL0,#0x5f
                                    367 ;	../Wireless_Manager/wireless.c:55: }
      00003F D0 D0            [24]  368 	pop	psw
      000041 D0 00            [24]  369 	pop	(0+0)
      000043 D0 01            [24]  370 	pop	(0+1)
      000045 D0 02            [24]  371 	pop	(0+2)
      000047 D0 03            [24]  372 	pop	(0+3)
      000049 D0 04            [24]  373 	pop	(0+4)
      00004B D0 05            [24]  374 	pop	(0+5)
      00004D D0 06            [24]  375 	pop	(0+6)
      00004F D0 07            [24]  376 	pop	(0+7)
      000051 D0 83            [24]  377 	pop	dph
      000053 D0 82            [24]  378 	pop	dpl
      000055 D0 F0            [24]  379 	pop	b
      000057 D0 E0            [24]  380 	pop	acc
      000059 D0*00            [24]  381 	pop	bits
      00005B 32               [24]  382 	reti
                                    383 ;------------------------------------------------------------
                                    384 ;Allocation info for local variables in function 'tick_wireless'
                                    385 ;------------------------------------------------------------
                                    386 ;lastAction                Allocated with name '_tick_wireless_lastAction_65536_45'
                                    387 ;------------------------------------------------------------
                                    388 ;	../Wireless_Manager/wireless.c:57: void tick_wireless(){
                                    389 ;	-----------------------------------------
                                    390 ;	 function tick_wireless
                                    391 ;	-----------------------------------------
      00005C                        392 _tick_wireless:
                                    393 ;	../Wireless_Manager/wireless.c:60: if(get_runtime_data(OP_MODE_INDEX) == MODE_DMX){
      00005C 75 82 10         [24]  394 	mov	dpl,#0x10
      00005F 12r00r00         [24]  395 	lcall	_get_runtime_data
      000062 E5 82            [12]  396 	mov	a,dpl
      000064 70 04            [24]  397 	jnz	00102$
                                    398 ;	../Wireless_Manager/wireless.c:62: TCON &= ~TIMER_ON; 
      000066 53 88 EF         [24]  399 	anl	_TCON,#0xef
                                    400 ;	../Wireless_Manager/wireless.c:63: return;
      000069 22               [24]  401 	ret
      00006A                        402 00102$:
                                    403 ;	../Wireless_Manager/wireless.c:67: TCON |= TIMER_ON; 
      00006A AE 88            [24]  404 	mov	r6,_TCON
      00006C 43 06 10         [24]  405 	orl	ar6,#0x10
      00006F 8E 88            [24]  406 	mov	_TCON,r6
                                    407 ;	../Wireless_Manager/wireless.c:69: switch (Current_Action)
      000071 E5*01            [12]  408 	mov	a,_Current_Action
      000073 FF               [12]  409 	mov	r7,a
      000074 24 F9            [12]  410 	add	a,#0xff - 0x06
      000076 40 51            [24]  411 	jc	00115$
      000078 EF               [12]  412 	mov	a,r7
      000079 2F               [12]  413 	add	a,r7
                                    414 ;	../Wireless_Manager/wireless.c:71: case WIRELESS_ACTION_PLAY: //continual
      00007A 90r00r7E         [24]  415 	mov	dptr,#00151$
      00007D 73               [24]  416 	jmp	@a+dptr
      00007E                        417 00151$:
      00007E 80 49            [24]  418 	sjmp	00115$
      000080 80 0A            [24]  419 	sjmp	00103$
      000082 80 0D            [24]  420 	sjmp	00104$
      000084 80 10            [24]  421 	sjmp	00105$
      000086 80 16            [24]  422 	sjmp	00106$
      000088 80 23            [24]  423 	sjmp	00109$
      00008A 80 30            [24]  424 	sjmp	00112$
      00008C                        425 00103$:
                                    426 ;	../Wireless_Manager/wireless.c:72: set_playing(PLAY);
      00008C 75*00 01         [24]  427 	mov	_Playing,#0x01
                                    428 ;	../Wireless_Manager/wireless.c:73: break;
                                    429 ;	../Wireless_Manager/wireless.c:74: case WIRELESS_ACTION_PAUSE: //continual
      00008F 80 38            [24]  430 	sjmp	00115$
      000091                        431 00104$:
                                    432 ;	../Wireless_Manager/wireless.c:75: set_playing(PAUSE);
      000091 75*00 00         [24]  433 	mov	_Playing,#0x00
                                    434 ;	../Wireless_Manager/wireless.c:76: break;
                                    435 ;	../Wireless_Manager/wireless.c:77: case WIRELESS_ACTION_BURST: //continual
      000094 80 33            [24]  436 	sjmp	00115$
      000096                        437 00105$:
                                    438 ;	../Wireless_Manager/wireless.c:78: power_pump(PUMP_OVERRIDE);
      000096 75 82 02         [24]  439 	mov	dpl,#0x02
      000099 12r00r00         [24]  440 	lcall	_power_pump
                                    441 ;	../Wireless_Manager/wireless.c:79: break;
                                    442 ;	../Wireless_Manager/wireless.c:80: case WIRELESS_ACTION_USER_CONFIG_1: //press
      00009C 80 2B            [24]  443 	sjmp	00115$
      00009E                        444 00106$:
                                    445 ;	../Wireless_Manager/wireless.c:81: if(lastAction == WIRELESS_ACTION_NA){
      00009E E5*02            [12]  446 	mov	a,_tick_wireless_lastAction_65536_45
      0000A0 70 27            [24]  447 	jnz	00115$
                                    448 ;	../Wireless_Manager/wireless.c:82: handleUserConfigAction(get_runtime_data(R4_INDEX));
      0000A2 75 82 09         [24]  449 	mov	dpl,#0x09
      0000A5 12r00r00         [24]  450 	lcall	_get_runtime_data
      0000A8 12r00rDF         [24]  451 	lcall	_handleUserConfigAction
                                    452 ;	../Wireless_Manager/wireless.c:84: break;
                                    453 ;	../Wireless_Manager/wireless.c:85: case WIRELESS_ACTION_USER_CONFIG_2: //press
      0000AB 80 1C            [24]  454 	sjmp	00115$
      0000AD                        455 00109$:
                                    456 ;	../Wireless_Manager/wireless.c:86: if(lastAction == WIRELESS_ACTION_NA){
      0000AD E5*02            [12]  457 	mov	a,_tick_wireless_lastAction_65536_45
      0000AF 70 18            [24]  458 	jnz	00115$
                                    459 ;	../Wireless_Manager/wireless.c:87: handleUserConfigAction(get_runtime_data(R5_INDEX));
      0000B1 75 82 0A         [24]  460 	mov	dpl,#0x0a
      0000B4 12r00r00         [24]  461 	lcall	_get_runtime_data
      0000B7 12r00rDF         [24]  462 	lcall	_handleUserConfigAction
                                    463 ;	../Wireless_Manager/wireless.c:89: break;
                                    464 ;	../Wireless_Manager/wireless.c:90: case WIRELESS_ACTION_USER_CONFIG_3: //press
      0000BA 80 0D            [24]  465 	sjmp	00115$
      0000BC                        466 00112$:
                                    467 ;	../Wireless_Manager/wireless.c:91: if(lastAction == WIRELESS_ACTION_NA){
      0000BC E5*02            [12]  468 	mov	a,_tick_wireless_lastAction_65536_45
      0000BE 70 09            [24]  469 	jnz	00115$
                                    470 ;	../Wireless_Manager/wireless.c:92: handleUserConfigAction(get_runtime_data(R6_INDEX));
      0000C0 75 82 0B         [24]  471 	mov	dpl,#0x0b
      0000C3 12r00r00         [24]  472 	lcall	_get_runtime_data
      0000C6 12r00rDF         [24]  473 	lcall	_handleUserConfigAction
                                    474 ;	../Wireless_Manager/wireless.c:95: }
      0000C9                        475 00115$:
                                    476 ;	../Wireless_Manager/wireless.c:97: if(lastAction == WIRELESS_ACTION_BURST && Current_Action != WIRELESS_ACTION_BURST){
      0000C9 74 03            [12]  477 	mov	a,#0x03
      0000CB B5*02 0D         [24]  478 	cjne	a,_tick_wireless_lastAction_65536_45,00117$
      0000CE 74 03            [12]  479 	mov	a,#0x03
      0000D0 B5*01 02         [24]  480 	cjne	a,_Current_Action,00157$
      0000D3 80 06            [24]  481 	sjmp	00117$
      0000D5                        482 00157$:
                                    483 ;	../Wireless_Manager/wireless.c:98: power_pump(PUMP_OFF);
      0000D5 75 82 00         [24]  484 	mov	dpl,#0x00
      0000D8 12r00r00         [24]  485 	lcall	_power_pump
      0000DB                        486 00117$:
                                    487 ;	../Wireless_Manager/wireless.c:101: lastAction = Current_Action;
      0000DB 85*01*02         [24]  488 	mov	_tick_wireless_lastAction_65536_45,_Current_Action
                                    489 ;	../Wireless_Manager/wireless.c:103: }
      0000DE 22               [24]  490 	ret
                                    491 ;------------------------------------------------------------
                                    492 ;Allocation info for local variables in function 'handleUserConfigAction'
                                    493 ;------------------------------------------------------------
                                    494 ;action                    Allocated to registers r7 
                                    495 ;changedBit                Allocated to registers r2 r3 
                                    496 ;off                       Allocated to registers r6 
                                    497 ;red                       Allocated to stack - _bp +1
                                    498 ;green                     Allocated to stack - _bp +2
                                    499 ;blue                      Allocated to stack - _bp +3
                                    500 ;changed                   Allocated with name '_handleUserConfigAction_changed_65536_53'
                                    501 ;------------------------------------------------------------
                                    502 ;	../Wireless_Manager/wireless.c:105: void handleUserConfigAction(uint8_t action){
                                    503 ;	-----------------------------------------
                                    504 ;	 function handleUserConfigAction
                                    505 ;	-----------------------------------------
      0000DF                        506 _handleUserConfigAction:
      0000DF C0*00            [24]  507 	push	_bp
      0000E1 85 81*00         [24]  508 	mov	_bp,sp
      0000E4 05 81            [12]  509 	inc	sp
      0000E6 05 81            [12]  510 	inc	sp
      0000E8 05 81            [12]  511 	inc	sp
      0000EA AF 82            [24]  512 	mov	r7,dpl
                                    513 ;	../Wireless_Manager/wireless.c:108: uint8_t off = 0x00;
      0000EC 7E 00            [12]  514 	mov	r6,#0x00
                                    515 ;	../Wireless_Manager/wireless.c:109: uint8_t red = 0, green = 0, blue = 0;
      0000EE A8*00            [24]  516 	mov	r0,_bp
      0000F0 08               [12]  517 	inc	r0
      0000F1 76 00            [12]  518 	mov	@r0,#0x00
      0000F3 A8*00            [24]  519 	mov	r0,_bp
      0000F5 08               [12]  520 	inc	r0
      0000F6 08               [12]  521 	inc	r0
      0000F7 76 00            [12]  522 	mov	@r0,#0x00
      0000F9 E5*00            [12]  523 	mov	a,_bp
      0000FB 24 03            [12]  524 	add	a,#0x03
      0000FD F8               [12]  525 	mov	r0,a
      0000FE 76 00            [12]  526 	mov	@r0,#0x00
                                    527 ;	../Wireless_Manager/wireless.c:112: if(!action){ return; }
      000100 EF               [12]  528 	mov	a,r7
      000101 70 03            [24]  529 	jnz	00102$
      000103 02r02rB9         [24]  530 	ljmp	00120$
      000106                        531 00102$:
                                    532 ;	../Wireless_Manager/wireless.c:115: changedBit = 1 << (action-1);
      000106 EF               [12]  533 	mov	a,r7
      000107 14               [12]  534 	dec	a
      000108 FA               [12]  535 	mov	r2,a
      000109 8A F0            [24]  536 	mov	b,r2
      00010B 05 F0            [12]  537 	inc	b
      00010D 7A 01            [12]  538 	mov	r2,#0x01
      00010F 7B 00            [12]  539 	mov	r3,#0x00
      000111 80 06            [24]  540 	sjmp	00172$
      000113                        541 00171$:
      000113 EA               [12]  542 	mov	a,r2
      000114 2A               [12]  543 	add	a,r2
      000115 FA               [12]  544 	mov	r2,a
      000116 EB               [12]  545 	mov	a,r3
      000117 33               [12]  546 	rlc	a
      000118 FB               [12]  547 	mov	r3,a
      000119                        548 00172$:
      000119 D5 F0 F7         [24]  549 	djnz	b,00171$
                                    550 ;	../Wireless_Manager/wireless.c:117: if(changed & changedBit){
      00011C EA               [12]  551 	mov	a,r2
      00011D 55*03            [12]  552 	anl	a,_handleUserConfigAction_changed_65536_53
      00011F FC               [12]  553 	mov	r4,a
      000120 EB               [12]  554 	mov	a,r3
      000121 55*04            [12]  555 	anl	a,(_handleUserConfigAction_changed_65536_53 + 1)
      000123 FD               [12]  556 	mov	r5,a
      000124 4C               [12]  557 	orl	a,r4
      000125 60 10            [24]  558 	jz	00104$
                                    559 ;	../Wireless_Manager/wireless.c:118: off = 0xFF;
      000127 7E FF            [12]  560 	mov	r6,#0xff
                                    561 ;	../Wireless_Manager/wireless.c:119: changed &= ~changedBit;
      000129 EA               [12]  562 	mov	a,r2
      00012A F4               [12]  563 	cpl	a
      00012B FC               [12]  564 	mov	r4,a
      00012C EB               [12]  565 	mov	a,r3
      00012D F4               [12]  566 	cpl	a
      00012E FD               [12]  567 	mov	r5,a
      00012F EC               [12]  568 	mov	a,r4
      000130 52*03            [12]  569 	anl	_handleUserConfigAction_changed_65536_53,a
      000132 ED               [12]  570 	mov	a,r5
      000133 52*04            [12]  571 	anl	(_handleUserConfigAction_changed_65536_53 + 1),a
      000135 80 06            [24]  572 	sjmp	00105$
      000137                        573 00104$:
                                    574 ;	../Wireless_Manager/wireless.c:121: changed |= changedBit;
      000137 EA               [12]  575 	mov	a,r2
      000138 42*03            [12]  576 	orl	_handleUserConfigAction_changed_65536_53,a
      00013A EB               [12]  577 	mov	a,r3
      00013B 42*04            [12]  578 	orl	(_handleUserConfigAction_changed_65536_53 + 1),a
      00013D                        579 00105$:
                                    580 ;	../Wireless_Manager/wireless.c:125: switch (action)
      00013D EF               [12]  581 	mov	a,r7
      00013E 24 F3            [12]  582 	add	a,#0xff - 0x0c
      000140 50 03            [24]  583 	jnc	00174$
      000142 02r02rB9         [24]  584 	ljmp	00120$
      000145                        585 00174$:
      000145 EF               [12]  586 	mov	a,r7
      000146 24 0A            [12]  587 	add	a,#(00175$-3-.)
      000148 83               [24]  588 	movc	a,@a+pc
      000149 F5 82            [12]  589 	mov	dpl,a
      00014B EF               [12]  590 	mov	a,r7
      00014C 24 11            [12]  591 	add	a,#(00176$-3-.)
      00014E 83               [24]  592 	movc	a,@a+pc
      00014F F5 83            [12]  593 	mov	dph,a
      000151 E4               [12]  594 	clr	a
      000152 73               [24]  595 	jmp	@a+dptr
      000153                        596 00175$:
      000153r3C                     597 	.db	00118$
      000154r6D                     598 	.db	00106$
      000155r80                     599 	.db	00107$
      000156r88                     600 	.db	00108$
      000157r96                     601 	.db	00109$
      000158r9F                     602 	.db	00110$
      000159rAF                     603 	.db	00111$
      00015ArB9                     604 	.db	00112$
      00015BrC7                     605 	.db	00113$
      00015CrE6                     606 	.db	00114$
      00015Dr05                     607 	.db	00115$
      00015Er24                     608 	.db	00116$
      00015Fr28                     609 	.db	00117$
      000160                        610 00176$:
      000160s02                     611 	.db	00118$>>8
      000161s01                     612 	.db	00106$>>8
      000162s01                     613 	.db	00107$>>8
      000163s01                     614 	.db	00108$>>8
      000164s01                     615 	.db	00109$>>8
      000165s01                     616 	.db	00110$>>8
      000166s01                     617 	.db	00111$>>8
      000167s01                     618 	.db	00112$>>8
      000168s01                     619 	.db	00113$>>8
      000169s01                     620 	.db	00114$>>8
      00016As02                     621 	.db	00115$>>8
      00016Bs02                     622 	.db	00116$>>8
      00016Cs02                     623 	.db	00117$>>8
                                    624 ;	../Wireless_Manager/wireless.c:127: case OPTION_WIRELESS_ACTION_CHOOSE_MACRO:
      00016D                        625 00106$:
                                    626 ;	../Wireless_Manager/wireless.c:128: set_runtime_data(MACRO_INDEX, INC, NULL);
      00016D E4               [12]  627 	clr	a
      00016E C0 E0            [24]  628 	push	acc
      000170 04               [12]  629 	inc	a
      000171 C0 E0            [24]  630 	push	acc
      000173 75 82 03         [24]  631 	mov	dpl,#0x03
      000176 12r00r00         [24]  632 	lcall	_set_runtime_data
      000179 15 81            [12]  633 	dec	sp
      00017B 15 81            [12]  634 	dec	sp
                                    635 ;	../Wireless_Manager/wireless.c:129: return;
      00017D 02r02rB9         [24]  636 	ljmp	00120$
                                    637 ;	../Wireless_Manager/wireless.c:130: case OPTION_WIRELESS_ACTION_RED:
      000180                        638 00107$:
                                    639 ;	../Wireless_Manager/wireless.c:131: red = WIRELESS_VALUE_FULL;
      000180 A8*00            [24]  640 	mov	r0,_bp
      000182 08               [12]  641 	inc	r0
      000183 76 FF            [12]  642 	mov	@r0,#0xff
                                    643 ;	../Wireless_Manager/wireless.c:132: break;
      000185 02r02r3E         [24]  644 	ljmp	00119$
                                    645 ;	../Wireless_Manager/wireless.c:133: case OPTION_WIRELESS_ACTION_YELLOW:
      000188                        646 00108$:
                                    647 ;	../Wireless_Manager/wireless.c:134: red = WIRELESS_VALUE_FULL;
      000188 A8*00            [24]  648 	mov	r0,_bp
      00018A 08               [12]  649 	inc	r0
      00018B 76 FF            [12]  650 	mov	@r0,#0xff
                                    651 ;	../Wireless_Manager/wireless.c:135: green = WIRELESS_VALUE_FULL;
      00018D A8*00            [24]  652 	mov	r0,_bp
      00018F 08               [12]  653 	inc	r0
      000190 08               [12]  654 	inc	r0
      000191 76 FF            [12]  655 	mov	@r0,#0xff
                                    656 ;	../Wireless_Manager/wireless.c:136: break;
      000193 02r02r3E         [24]  657 	ljmp	00119$
                                    658 ;	../Wireless_Manager/wireless.c:137: case OPTION_WIRELESS_ACTION_GREEN:
      000196                        659 00109$:
                                    660 ;	../Wireless_Manager/wireless.c:138: green = WIRELESS_VALUE_FULL;
      000196 A8*00            [24]  661 	mov	r0,_bp
      000198 08               [12]  662 	inc	r0
      000199 08               [12]  663 	inc	r0
      00019A 76 FF            [12]  664 	mov	@r0,#0xff
                                    665 ;	../Wireless_Manager/wireless.c:139: break;
      00019C 02r02r3E         [24]  666 	ljmp	00119$
                                    667 ;	../Wireless_Manager/wireless.c:140: case OPTION_WIRELESS_ACTION_CYAN:
      00019F                        668 00110$:
                                    669 ;	../Wireless_Manager/wireless.c:141: green = WIRELESS_VALUE_FULL;
      00019F A8*00            [24]  670 	mov	r0,_bp
      0001A1 08               [12]  671 	inc	r0
      0001A2 08               [12]  672 	inc	r0
      0001A3 76 FF            [12]  673 	mov	@r0,#0xff
                                    674 ;	../Wireless_Manager/wireless.c:142: blue = WIRELESS_VALUE_FULL;
      0001A5 E5*00            [12]  675 	mov	a,_bp
      0001A7 24 03            [12]  676 	add	a,#0x03
      0001A9 F8               [12]  677 	mov	r0,a
      0001AA 76 FF            [12]  678 	mov	@r0,#0xff
                                    679 ;	../Wireless_Manager/wireless.c:143: break;
      0001AC 02r02r3E         [24]  680 	ljmp	00119$
                                    681 ;	../Wireless_Manager/wireless.c:144: case OPTION_WIRELESS_ACTION_BLUE:
      0001AF                        682 00111$:
                                    683 ;	../Wireless_Manager/wireless.c:145: blue = WIRELESS_VALUE_FULL;
      0001AF E5*00            [12]  684 	mov	a,_bp
      0001B1 24 03            [12]  685 	add	a,#0x03
      0001B3 F8               [12]  686 	mov	r0,a
      0001B4 76 FF            [12]  687 	mov	@r0,#0xff
                                    688 ;	../Wireless_Manager/wireless.c:146: break;
      0001B6 02r02r3E         [24]  689 	ljmp	00119$
                                    690 ;	../Wireless_Manager/wireless.c:147: case OPTION_WIRELESS_ACTION_MAGENTA:
      0001B9                        691 00112$:
                                    692 ;	../Wireless_Manager/wireless.c:148: blue = WIRELESS_VALUE_FULL;
      0001B9 E5*00            [12]  693 	mov	a,_bp
      0001BB 24 03            [12]  694 	add	a,#0x03
      0001BD F8               [12]  695 	mov	r0,a
      0001BE 76 FF            [12]  696 	mov	@r0,#0xff
                                    697 ;	../Wireless_Manager/wireless.c:149: red = WIRELESS_VALUE_FULL;
      0001C0 A8*00            [24]  698 	mov	r0,_bp
      0001C2 08               [12]  699 	inc	r0
      0001C3 76 FF            [12]  700 	mov	@r0,#0xff
                                    701 ;	../Wireless_Manager/wireless.c:150: break;
                                    702 ;	../Wireless_Manager/wireless.c:151: case OPTION_WIRELESS_ACTION_STROBE_SLOW:
      0001C5 80 77            [24]  703 	sjmp	00119$
      0001C7                        704 00113$:
                                    705 ;	../Wireless_Manager/wireless.c:152: set_runtime_data(STROBE_INDEX, VALUE, (off) ? WIRELESS_VALUE_0 : WIRELESS_VALUE_STROBE_SLOW);
      0001C7 EE               [12]  706 	mov	a,r6
      0001C8 60 06            [24]  707 	jz	00122$
      0001CA 7D 00            [12]  708 	mov	r5,#0x00
      0001CC 7F 00            [12]  709 	mov	r7,#0x00
      0001CE 80 04            [24]  710 	sjmp	00123$
      0001D0                        711 00122$:
      0001D0 7D 01            [12]  712 	mov	r5,#0x01
      0001D2 7F 00            [12]  713 	mov	r7,#0x00
      0001D4                        714 00123$:
      0001D4 C0 05            [24]  715 	push	ar5
      0001D6 E4               [12]  716 	clr	a
      0001D7 C0 E0            [24]  717 	push	acc
      0001D9 75 82 08         [24]  718 	mov	dpl,#0x08
      0001DC 12r00r00         [24]  719 	lcall	_set_runtime_data
      0001DF 15 81            [12]  720 	dec	sp
      0001E1 15 81            [12]  721 	dec	sp
                                    722 ;	../Wireless_Manager/wireless.c:153: return;
      0001E3 02r02rB9         [24]  723 	ljmp	00120$
                                    724 ;	../Wireless_Manager/wireless.c:154: case OPTION_WIRELESS_ACTION_STROBE_MEDIUM:
      0001E6                        725 00114$:
                                    726 ;	../Wireless_Manager/wireless.c:155: set_runtime_data(STROBE_INDEX, VALUE, (off) ? WIRELESS_VALUE_0 : WIRELESS_VALUE_STROBE_MEDIUM);
      0001E6 EE               [12]  727 	mov	a,r6
      0001E7 60 06            [24]  728 	jz	00124$
      0001E9 7D 00            [12]  729 	mov	r5,#0x00
      0001EB 7F 00            [12]  730 	mov	r7,#0x00
      0001ED 80 04            [24]  731 	sjmp	00125$
      0001EF                        732 00124$:
      0001EF 7D 79            [12]  733 	mov	r5,#0x79
      0001F1 7F 00            [12]  734 	mov	r7,#0x00
      0001F3                        735 00125$:
      0001F3 C0 05            [24]  736 	push	ar5
      0001F5 E4               [12]  737 	clr	a
      0001F6 C0 E0            [24]  738 	push	acc
      0001F8 75 82 08         [24]  739 	mov	dpl,#0x08
      0001FB 12r00r00         [24]  740 	lcall	_set_runtime_data
      0001FE 15 81            [12]  741 	dec	sp
      000200 15 81            [12]  742 	dec	sp
                                    743 ;	../Wireless_Manager/wireless.c:156: return;
      000202 02r02rB9         [24]  744 	ljmp	00120$
                                    745 ;	../Wireless_Manager/wireless.c:157: case OPTION_WIRELESS_ACTION_STROBE_FAST:
      000205                        746 00115$:
                                    747 ;	../Wireless_Manager/wireless.c:158: set_runtime_data(STROBE_INDEX, VALUE, (off) ? WIRELESS_VALUE_0 : WIRELESS_VALUE_STROBE_FAST);
      000205 EE               [12]  748 	mov	a,r6
      000206 60 06            [24]  749 	jz	00126$
      000208 7D 00            [12]  750 	mov	r5,#0x00
      00020A 7F 00            [12]  751 	mov	r7,#0x00
      00020C 80 04            [24]  752 	sjmp	00127$
      00020E                        753 00126$:
      00020E 7D FF            [12]  754 	mov	r5,#0xff
      000210 7F 00            [12]  755 	mov	r7,#0x00
      000212                        756 00127$:
      000212 C0 05            [24]  757 	push	ar5
      000214 E4               [12]  758 	clr	a
      000215 C0 E0            [24]  759 	push	acc
      000217 75 82 08         [24]  760 	mov	dpl,#0x08
      00021A 12r00r00         [24]  761 	lcall	_set_runtime_data
      00021D 15 81            [12]  762 	dec	sp
      00021F 15 81            [12]  763 	dec	sp
                                    764 ;	../Wireless_Manager/wireless.c:159: return;
      000221 02r02rB9         [24]  765 	ljmp	00120$
                                    766 ;	../Wireless_Manager/wireless.c:160: case OPTION_WIRELESS_ACTION_BLACKOUT:
      000224                        767 00116$:
                                    768 ;	../Wireless_Manager/wireless.c:161: off = 0xFF;
      000224 7E FF            [12]  769 	mov	r6,#0xff
                                    770 ;	../Wireless_Manager/wireless.c:162: break;
                                    771 ;	../Wireless_Manager/wireless.c:163: case OPTION_WIRELESS_ACTION_WHITEOUT:
      000226 80 16            [24]  772 	sjmp	00119$
      000228                        773 00117$:
                                    774 ;	../Wireless_Manager/wireless.c:164: red = WIRELESS_VALUE_FULL;
      000228 A8*00            [24]  775 	mov	r0,_bp
      00022A 08               [12]  776 	inc	r0
      00022B 76 FF            [12]  777 	mov	@r0,#0xff
                                    778 ;	../Wireless_Manager/wireless.c:165: green = WIRELESS_VALUE_FULL;
      00022D A8*00            [24]  779 	mov	r0,_bp
      00022F 08               [12]  780 	inc	r0
      000230 08               [12]  781 	inc	r0
      000231 76 FF            [12]  782 	mov	@r0,#0xff
                                    783 ;	../Wireless_Manager/wireless.c:166: blue = WIRELESS_VALUE_FULL;
      000233 E5*00            [12]  784 	mov	a,_bp
      000235 24 03            [12]  785 	add	a,#0x03
      000237 F8               [12]  786 	mov	r0,a
      000238 76 FF            [12]  787 	mov	@r0,#0xff
                                    788 ;	../Wireless_Manager/wireless.c:167: break;
                                    789 ;	../Wireless_Manager/wireless.c:168: default:
      00023A 80 02            [24]  790 	sjmp	00119$
      00023C                        791 00118$:
                                    792 ;	../Wireless_Manager/wireless.c:169: return;
                                    793 ;	../Wireless_Manager/wireless.c:170: }
      00023C 80 7B            [24]  794 	sjmp	00120$
      00023E                        795 00119$:
                                    796 ;	../Wireless_Manager/wireless.c:172: set_runtime_data(MACRO_INDEX, VALUE, WIRELESS_VALUE_0);
      00023E C0 06            [24]  797 	push	ar6
      000240 E4               [12]  798 	clr	a
      000241 C0 E0            [24]  799 	push	acc
      000243 C0 E0            [24]  800 	push	acc
      000245 75 82 03         [24]  801 	mov	dpl,#0x03
      000248 12r00r00         [24]  802 	lcall	_set_runtime_data
      00024B 15 81            [12]  803 	dec	sp
      00024D 15 81            [12]  804 	dec	sp
      00024F D0 06            [24]  805 	pop	ar6
                                    806 ;	../Wireless_Manager/wireless.c:173: set_runtime_data(RED_INDEX, VALUE, (off) ? WIRELESS_VALUE_0 : red);
      000251 EE               [12]  807 	mov	a,r6
      000252 60 06            [24]  808 	jz	00128$
      000254 7D 00            [12]  809 	mov	r5,#0x00
      000256 7F 00            [12]  810 	mov	r7,#0x00
      000258 80 07            [24]  811 	sjmp	00129$
      00025A                        812 00128$:
      00025A A8*00            [24]  813 	mov	r0,_bp
      00025C 08               [12]  814 	inc	r0
      00025D 86 05            [24]  815 	mov	ar5,@r0
      00025F 7F 00            [12]  816 	mov	r7,#0x00
      000261                        817 00129$:
      000261 C0 06            [24]  818 	push	ar6
      000263 C0 05            [24]  819 	push	ar5
      000265 E4               [12]  820 	clr	a
      000266 C0 E0            [24]  821 	push	acc
      000268 75 82 05         [24]  822 	mov	dpl,#0x05
      00026B 12r00r00         [24]  823 	lcall	_set_runtime_data
      00026E 15 81            [12]  824 	dec	sp
      000270 15 81            [12]  825 	dec	sp
      000272 D0 06            [24]  826 	pop	ar6
                                    827 ;	../Wireless_Manager/wireless.c:174: set_runtime_data(GREEN_INDEX, VALUE, (off) ? WIRELESS_VALUE_0 : green);
      000274 EE               [12]  828 	mov	a,r6
      000275 60 06            [24]  829 	jz	00130$
      000277 7D 00            [12]  830 	mov	r5,#0x00
      000279 7F 00            [12]  831 	mov	r7,#0x00
      00027B 80 08            [24]  832 	sjmp	00131$
      00027D                        833 00130$:
      00027D A8*00            [24]  834 	mov	r0,_bp
      00027F 08               [12]  835 	inc	r0
      000280 08               [12]  836 	inc	r0
      000281 86 05            [24]  837 	mov	ar5,@r0
      000283 7F 00            [12]  838 	mov	r7,#0x00
      000285                        839 00131$:
      000285 C0 06            [24]  840 	push	ar6
      000287 C0 05            [24]  841 	push	ar5
      000289 E4               [12]  842 	clr	a
      00028A C0 E0            [24]  843 	push	acc
      00028C 75 82 06         [24]  844 	mov	dpl,#0x06
      00028F 12r00r00         [24]  845 	lcall	_set_runtime_data
      000292 15 81            [12]  846 	dec	sp
      000294 15 81            [12]  847 	dec	sp
      000296 D0 06            [24]  848 	pop	ar6
                                    849 ;	../Wireless_Manager/wireless.c:175: set_runtime_data(BLUE_INDEX, VALUE, (off) ? WIRELESS_VALUE_0 : blue);
      000298 EE               [12]  850 	mov	a,r6
      000299 60 06            [24]  851 	jz	00132$
      00029B 7E 00            [12]  852 	mov	r6,#0x00
      00029D 7F 00            [12]  853 	mov	r7,#0x00
      00029F 80 09            [24]  854 	sjmp	00133$
      0002A1                        855 00132$:
      0002A1 E5*00            [12]  856 	mov	a,_bp
      0002A3 24 03            [12]  857 	add	a,#0x03
      0002A5 F8               [12]  858 	mov	r0,a
      0002A6 86 06            [24]  859 	mov	ar6,@r0
      0002A8 7F 00            [12]  860 	mov	r7,#0x00
      0002AA                        861 00133$:
      0002AA C0 06            [24]  862 	push	ar6
      0002AC E4               [12]  863 	clr	a
      0002AD C0 E0            [24]  864 	push	acc
      0002AF 75 82 07         [24]  865 	mov	dpl,#0x07
      0002B2 12r00r00         [24]  866 	lcall	_set_runtime_data
      0002B5 15 81            [12]  867 	dec	sp
      0002B7 15 81            [12]  868 	dec	sp
      0002B9                        869 00120$:
                                    870 ;	../Wireless_Manager/wireless.c:177: }
      0002B9 85*00 81         [24]  871 	mov	sp,_bp
      0002BC D0*00            [24]  872 	pop	_bp
      0002BE 22               [24]  873 	ret
                                    874 ;------------------------------------------------------------
                                    875 ;Allocation info for local variables in function 'getWirelessAction'
                                    876 ;------------------------------------------------------------
                                    877 ;preamble                  Allocated to registers 
                                    878 ;count                     Allocated to registers r5 
                                    879 ;i                         Allocated to registers r7 
                                    880 ;dit_dah                   Allocated to registers r6 
                                    881 ;------------------------------------------------------------
                                    882 ;	../Wireless_Manager/wireless.c:179: uint8_t getWirelessAction(){
                                    883 ;	-----------------------------------------
                                    884 ;	 function getWirelessAction
                                    885 ;	-----------------------------------------
      0002BF                        886 _getWirelessAction:
                                    887 ;	../Wireless_Manager/wireless.c:185: for(i = 0; i < PREAMBLE_BITS; i++){
      0002BF 7F 00            [12]  888 	mov	r7,#0x00
      0002C1                        889 00119$:
                                    890 ;	../Wireless_Manager/wireless.c:186: dit_dah = detectDitDah();
      0002C1 C0 07            [24]  891 	push	ar7
      0002C3 12r03r2B         [24]  892 	lcall	_detectDitDah
      0002C6 AE 82            [24]  893 	mov	r6,dpl
      0002C8 D0 07            [24]  894 	pop	ar7
                                    895 ;	../Wireless_Manager/wireless.c:188: if(dit_dah == BAD_WIRELESS){
      0002CA EE               [12]  896 	mov	a,r6
      0002CB 70 03            [24]  897 	jnz	00102$
                                    898 ;	../Wireless_Manager/wireless.c:189: return dit_dah;
      0002CD 8E 82            [24]  899 	mov	dpl,r6
      0002CF 22               [24]  900 	ret
      0002D0                        901 00102$:
                                    902 ;	../Wireless_Manager/wireless.c:192: if(preamble & (0x0001 << i)){ //expects a Dit
      0002D0 8F F0            [24]  903 	mov	b,r7
      0002D2 05 F0            [12]  904 	inc	b
      0002D4 7C 01            [12]  905 	mov	r4,#0x01
      0002D6 7D 00            [12]  906 	mov	r5,#0x00
      0002D8 80 06            [24]  907 	sjmp	00169$
      0002DA                        908 00168$:
      0002DA EC               [12]  909 	mov	a,r4
      0002DB 2C               [12]  910 	add	a,r4
      0002DC FC               [12]  911 	mov	r4,a
      0002DD ED               [12]  912 	mov	a,r5
      0002DE 33               [12]  913 	rlc	a
      0002DF FD               [12]  914 	mov	r5,a
      0002E0                        915 00169$:
      0002E0 D5 F0 F7         [24]  916 	djnz	b,00168$
      0002E3 EC               [12]  917 	mov	a,r4
      0002E4 54 57            [12]  918 	anl	a,#0x57
      0002E6 70 05            [24]  919 	jnz	00170$
      0002E8 ED               [12]  920 	mov	a,r5
      0002E9 54 05            [12]  921 	anl	a,#0x05
      0002EB 60 09            [24]  922 	jz	00108$
      0002ED                        923 00170$:
                                    924 ;	../Wireless_Manager/wireless.c:193: if(dit_dah != DIT){
      0002ED BE 01 02         [24]  925 	cjne	r6,#0x01,00171$
      0002F0 80 0D            [24]  926 	sjmp	00120$
      0002F2                        927 00171$:
                                    928 ;	../Wireless_Manager/wireless.c:194: return BAD_WIRELESS;
      0002F2 75 82 00         [24]  929 	mov	dpl,#0x00
      0002F5 22               [24]  930 	ret
      0002F6                        931 00108$:
                                    932 ;	../Wireless_Manager/wireless.c:197: if(dit_dah != DAH){
      0002F6 BE 02 02         [24]  933 	cjne	r6,#0x02,00172$
      0002F9 80 04            [24]  934 	sjmp	00120$
      0002FB                        935 00172$:
                                    936 ;	../Wireless_Manager/wireless.c:198: return BAD_WIRELESS;
      0002FB 75 82 00         [24]  937 	mov	dpl,#0x00
      0002FE 22               [24]  938 	ret
      0002FF                        939 00120$:
                                    940 ;	../Wireless_Manager/wireless.c:185: for(i = 0; i < PREAMBLE_BITS; i++){
      0002FF 0F               [12]  941 	inc	r7
      000300 BF 0C 00         [24]  942 	cjne	r7,#0x0c,00173$
      000303                        943 00173$:
      000303 40 BC            [24]  944 	jc	00119$
                                    945 ;	../Wireless_Manager/wireless.c:204: while(count--){
      000305 7F 0D            [12]  946 	mov	r7,#0x0d
      000307                        947 00116$:
      000307 8F 06            [24]  948 	mov	ar6,r7
      000309 1F               [12]  949 	dec	r7
      00030A 8F 05            [24]  950 	mov	ar5,r7
      00030C EE               [12]  951 	mov	a,r6
      00030D 60 16            [24]  952 	jz	00118$
                                    953 ;	../Wireless_Manager/wireless.c:205: dit_dah = detectDitDah();
      00030F C0 07            [24]  954 	push	ar7
      000311 C0 05            [24]  955 	push	ar5
      000313 12r03r2B         [24]  956 	lcall	_detectDitDah
      000316 AE 82            [24]  957 	mov	r6,dpl
      000318 D0 05            [24]  958 	pop	ar5
      00031A D0 07            [24]  959 	pop	ar7
                                    960 ;	../Wireless_Manager/wireless.c:207: if(!dit_dah){
      00031C EE               [12]  961 	mov	a,r6
                                    962 ;	../Wireless_Manager/wireless.c:208: return BAD_WIRELESS;
      00031D 70 03            [24]  963 	jnz	00114$
      00031F F5 82            [12]  964 	mov	dpl,a
      000321 22               [24]  965 	ret
      000322                        966 00114$:
                                    967 ;	../Wireless_Manager/wireless.c:209: } else if(dit_dah == DAH){
      000322 BE 02 E2         [24]  968 	cjne	r6,#0x02,00116$
                                    969 ;	../Wireless_Manager/wireless.c:210: break;
      000325                        970 00118$:
                                    971 ;	../Wireless_Manager/wireless.c:216: return count >> 1;
      000325 ED               [12]  972 	mov	a,r5
      000326 C3               [12]  973 	clr	c
      000327 13               [12]  974 	rrc	a
      000328 F5 82            [12]  975 	mov	dpl,a
                                    976 ;	../Wireless_Manager/wireless.c:217: }
      00032A 22               [24]  977 	ret
                                    978 ;------------------------------------------------------------
                                    979 ;Allocation info for local variables in function 'detectDitDah'
                                    980 ;------------------------------------------------------------
                                    981 ;count                     Allocated to registers r6 r7 
                                    982 ;timeout                   Allocated to registers r6 r7 
                                    983 ;------------------------------------------------------------
                                    984 ;	../Wireless_Manager/wireless.c:219: uint8_t detectDitDah(){
                                    985 ;	-----------------------------------------
                                    986 ;	 function detectDitDah
                                    987 ;	-----------------------------------------
      00032B                        988 _detectDitDah:
                                    989 ;	../Wireless_Manager/wireless.c:224: while(timeout--){
      00032B 7E B8            [12]  990 	mov	r6,#0xb8
      00032D 7F 0B            [12]  991 	mov	r7,#0x0b
      00032F                        992 00103$:
      00032F 8E 04            [24]  993 	mov	ar4,r6
      000331 8F 05            [24]  994 	mov	ar5,r7
      000333 1E               [12]  995 	dec	r6
      000334 BE FF 01         [24]  996 	cjne	r6,#0xff,00154$
      000337 1F               [12]  997 	dec	r7
      000338                        998 00154$:
      000338 EC               [12]  999 	mov	a,r4
      000339 4D               [12] 1000 	orl	a,r5
      00033A 60 03            [24] 1001 	jz	00105$
                                   1002 ;	../Wireless_Manager/wireless.c:225: if(P3_7){
      00033C 30 B7 F0         [24] 1003 	jnb	_P3_7,00103$
                                   1004 ;	../Wireless_Manager/wireless.c:226: break;
      00033F                       1005 00105$:
                                   1006 ;	../Wireless_Manager/wireless.c:231: if(!timeout){
      00033F EE               [12] 1007 	mov	a,r6
      000340 4F               [12] 1008 	orl	a,r7
                                   1009 ;	../Wireless_Manager/wireless.c:232: return BAD_WIRELESS;
      000341 70 03            [24] 1010 	jnz	00125$
      000343 F5 82            [12] 1011 	mov	dpl,a
                                   1012 ;	../Wireless_Manager/wireless.c:239: while(timeout--){
      000345 22               [24] 1013 	ret
      000346                       1014 00125$:
      000346 7E 00            [12] 1015 	mov	r6,#0x00
      000348 7F 00            [12] 1016 	mov	r7,#0x00
      00034A 7C B8            [12] 1017 	mov	r4,#0xb8
      00034C 7D 0B            [12] 1018 	mov	r5,#0x0b
      00034E                       1019 00111$:
      00034E 8C 02            [24] 1020 	mov	ar2,r4
      000350 8D 03            [24] 1021 	mov	ar3,r5
      000352 1C               [12] 1022 	dec	r4
      000353 BC FF 01         [24] 1023 	cjne	r4,#0xff,00158$
      000356 1D               [12] 1024 	dec	r5
      000357                       1025 00158$:
      000357 EA               [12] 1026 	mov	a,r2
      000358 4B               [12] 1027 	orl	a,r3
      000359 60 0A            [24] 1028 	jz	00113$
                                   1029 ;	../Wireless_Manager/wireless.c:240: if(P3_7){
      00035B 30 B7 07         [24] 1030 	jnb	_P3_7,00113$
                                   1031 ;	../Wireless_Manager/wireless.c:241: count++;
      00035E 0E               [12] 1032 	inc	r6
                                   1033 ;	../Wireless_Manager/wireless.c:243: break;
      00035F BE 00 EC         [24] 1034 	cjne	r6,#0x00,00111$
      000362 0F               [12] 1035 	inc	r7
      000363 80 E9            [24] 1036 	sjmp	00111$
      000365                       1037 00113$:
                                   1038 ;	../Wireless_Manager/wireless.c:248: if(!timeout){
      000365 EC               [12] 1039 	mov	a,r4
      000366 4D               [12] 1040 	orl	a,r5
                                   1041 ;	../Wireless_Manager/wireless.c:249: return BAD_WIRELESS;
      000367 70 03            [24] 1042 	jnz	00115$
      000369 F5 82            [12] 1043 	mov	dpl,a
      00036B 22               [24] 1044 	ret
      00036C                       1045 00115$:
                                   1046 ;	../Wireless_Manager/wireless.c:255: return (count > DAH_COUNT) ? DAH : DIT;
      00036C C3               [12] 1047 	clr	c
      00036D 74 E9            [12] 1048 	mov	a,#0xe9
      00036F 9E               [12] 1049 	subb	a,r6
      000370 E4               [12] 1050 	clr	a
      000371 9F               [12] 1051 	subb	a,r7
      000372 50 06            [24] 1052 	jnc	00118$
      000374 7E 02            [12] 1053 	mov	r6,#0x02
      000376 7F 00            [12] 1054 	mov	r7,#0x00
      000378 80 04            [24] 1055 	sjmp	00119$
      00037A                       1056 00118$:
      00037A 7E 01            [12] 1057 	mov	r6,#0x01
      00037C 7F 00            [12] 1058 	mov	r7,#0x00
      00037E                       1059 00119$:
      00037E 8E 82            [24] 1060 	mov	dpl,r6
                                   1061 ;	../Wireless_Manager/wireless.c:256: }
      000380 22               [24] 1062 	ret
                                   1063 	.area CSEG    (CODE)
                                   1064 	.area CONST   (CODE)
                                   1065 	.area XINIT   (CODE)
                                   1066 	.area CABS    (ABS,CODE)
